The target system is: Linux -  - arm
The host system is: Linux - 4.19.75-v7+ - armv7l
Compiling the C compiler identification source file "CMakeCCompilerId.c" succeeded.
Compiler: /usr/bin/arm-linux-gnueabihf-gcc 
Build flags: 
Id flags:  

The output was:
0


Compilation of the C compiler identification source "CMakeCCompilerId.c" produced "a.out"

The C compiler identification is GNU, found in "/home/pi/cmake-3.10.3/Paddle/PaddleLite-armlinux-demo/object_detection_demo/build/CMakeFiles/3.10.3/CompilerIdC/a.out"

Compiling the CXX compiler identification source file "CMakeCXXCompilerId.cpp" succeeded.
Compiler: /usr/bin/arm-linux-gnueabihf-g++ 
Build flags: 
Id flags:  

The output was:
0


Compilation of the CXX compiler identification source "CMakeCXXCompilerId.cpp" produced "a.out"

The CXX compiler identification is GNU, found in "/home/pi/cmake-3.10.3/Paddle/PaddleLite-armlinux-demo/object_detection_demo/build/CMakeFiles/3.10.3/CompilerIdCXX/a.out"

Determining if the C compiler works passed with the following output:
Change Dir: /home/pi/cmake-3.10.3/Paddle/PaddleLite-armlinux-demo/object_detection_demo/build/CMakeFiles/CMakeTmp

Run Build Command:"/usr/bin/make" "cmTC_2b68e/fast"
/usr/bin/make -f CMakeFiles/cmTC_2b68e.dir/build.make CMakeFiles/cmTC_2b68e.dir/build
make[1]: 进入目录“/home/pi/cmake-3.10.3/Paddle/PaddleLite-armlinux-demo/object_detection_demo/build/CMakeFiles/CMakeTmp”
Building C object CMakeFiles/cmTC_2b68e.dir/testCCompiler.c.o
/usr/bin/arm-linux-gnueabihf-gcc    -o CMakeFiles/cmTC_2b68e.dir/testCCompiler.c.o   -c /home/pi/cmake-3.10.3/Paddle/PaddleLite-armlinux-demo/object_detection_demo/build/CMakeFiles/CMakeTmp/testCCompiler.c
Linking C executable cmTC_2b68e
/usr/local/bin/cmake -E cmake_link_script CMakeFiles/cmTC_2b68e.dir/link.txt --verbose=1
/usr/bin/arm-linux-gnueabihf-gcc      CMakeFiles/cmTC_2b68e.dir/testCCompiler.c.o  -o cmTC_2b68e 
make[1]: 离开目录“/home/pi/cmake-3.10.3/Paddle/PaddleLite-armlinux-demo/object_detection_demo/build/CMakeFiles/CMakeTmp”


Detecting C compiler ABI info compiled with the following output:
Change Dir: /home/pi/cmake-3.10.3/Paddle/PaddleLite-armlinux-demo/object_detection_demo/build/CMakeFiles/CMakeTmp

Run Build Command:"/usr/bin/make" "cmTC_2aaf4/fast"
/usr/bin/make -f CMakeFiles/cmTC_2aaf4.dir/build.make CMakeFiles/cmTC_2aaf4.dir/build
make[1]: 进入目录“/home/pi/cmake-3.10.3/Paddle/PaddleLite-armlinux-demo/object_detection_demo/build/CMakeFiles/CMakeTmp”
Building C object CMakeFiles/cmTC_2aaf4.dir/CMakeCCompilerABI.c.o
/usr/bin/arm-linux-gnueabihf-gcc    -o CMakeFiles/cmTC_2aaf4.dir/CMakeCCompilerABI.c.o   -c /usr/local/share/cmake-3.10/Modules/CMakeCCompilerABI.c
Linking C executable cmTC_2aaf4
/usr/local/bin/cmake -E cmake_link_script CMakeFiles/cmTC_2aaf4.dir/link.txt --verbose=1
/usr/bin/arm-linux-gnueabihf-gcc     -v CMakeFiles/cmTC_2aaf4.dir/CMakeCCompilerABI.c.o  -o cmTC_2aaf4 
Using built-in specs.
COLLECT_GCC=/usr/bin/arm-linux-gnueabihf-gcc
COLLECT_LTO_WRAPPER=/usr/lib/gcc/arm-linux-gnueabihf/8/lto-wrapper
Target: arm-linux-gnueabihf
Configured with: ../src/configure -v --with-pkgversion='Raspbian 8.3.0-6+rpi1' --with-bugurl=file:///usr/share/doc/gcc-8/README.Bugs --enable-languages=c,ada,c++,go,d,fortran,objc,obj-c++ --prefix=/usr --with-gcc-major-version-only --program-suffix=-8 --program-prefix=arm-linux-gnueabihf- --enable-shared --enable-linker-build-id --libexecdir=/usr/lib --without-included-gettext --enable-threads=posix --libdir=/usr/lib --enable-nls --enable-bootstrap --enable-clocale=gnu --enable-libstdcxx-debug --enable-libstdcxx-time=yes --with-default-libstdcxx-abi=new --enable-gnu-unique-object --disable-libitm --disable-libquadmath --disable-libquadmath-support --enable-plugin --with-system-zlib --with-target-system-zlib --enable-objc-gc=auto --enable-multiarch --disable-sjlj-exceptions --with-arch=armv6 --with-fpu=vfp --with-float=hard --disable-werror --enable-checking=release --build=arm-linux-gnueabihf --host=arm-linux-gnueabihf --target=arm-linux-gnueabihf
Thread model: posix
gcc version 8.3.0 (Raspbian 8.3.0-6+rpi1) 
COMPILER_PATH=/usr/lib/gcc/arm-linux-gnueabihf/8/:/usr/lib/gcc/arm-linux-gnueabihf/8/:/usr/lib/gcc/arm-linux-gnueabihf/:/usr/lib/gcc/arm-linux-gnueabihf/8/:/usr/lib/gcc/arm-linux-gnueabihf/
LIBRARY_PATH=/usr/lib/gcc/arm-linux-gnueabihf/8/:/usr/lib/gcc/arm-linux-gnueabihf/8/../../../arm-linux-gnueabihf/:/usr/lib/gcc/arm-linux-gnueabihf/8/../../../:/lib/arm-linux-gnueabihf/:/lib/:/usr/lib/arm-linux-gnueabihf/:/usr/lib/
COLLECT_GCC_OPTIONS='-v' '-o' 'cmTC_2aaf4'  '-mfloat-abi=hard' '-mfpu=vfp' '-mtls-dialect=gnu' '-marm' '-march=armv6+fp'
 /usr/lib/gcc/arm-linux-gnueabihf/8/collect2 -plugin /usr/lib/gcc/arm-linux-gnueabihf/8/liblto_plugin.so -plugin-opt=/usr/lib/gcc/arm-linux-gnueabihf/8/lto-wrapper -plugin-opt=-fresolution=/tmp/ccTA5EQP.res -plugin-opt=-pass-through=-lgcc -plugin-opt=-pass-through=-lgcc_s -plugin-opt=-pass-through=-lc -plugin-opt=-pass-through=-lgcc -plugin-opt=-pass-through=-lgcc_s --build-id --eh-frame-hdr -dynamic-linker /lib/ld-linux-armhf.so.3 -X --hash-style=gnu -m armelf_linux_eabi -o cmTC_2aaf4 /usr/lib/gcc/arm-linux-gnueabihf/8/../../../arm-linux-gnueabihf/crt1.o /usr/lib/gcc/arm-linux-gnueabihf/8/../../../arm-linux-gnueabihf/crti.o /usr/lib/gcc/arm-linux-gnueabihf/8/crtbegin.o -L/usr/lib/gcc/arm-linux-gnueabihf/8 -L/usr/lib/gcc/arm-linux-gnueabihf/8/../../../arm-linux-gnueabihf -L/usr/lib/gcc/arm-linux-gnueabihf/8/../../.. -L/lib/arm-linux-gnueabihf -L/usr/lib/arm-linux-gnueabihf CMakeFiles/cmTC_2aaf4.dir/CMakeCCompilerABI.c.o -lgcc --push-state --as-needed -lgcc_s --pop-state -lc -lgcc --push-state --as-needed -lgcc_s --pop-state /usr/lib/gcc/arm-linux-gnueabihf/8/crtend.o /usr/lib/gcc/arm-linux-gnueabihf/8/../../../arm-linux-gnueabihf/crtn.o
COLLECT_GCC_OPTIONS='-v' '-o' 'cmTC_2aaf4'  '-mfloat-abi=hard' '-mfpu=vfp' '-mtls-dialect=gnu' '-marm' '-march=armv6+fp'
make[1]: 离开目录“/home/pi/cmake-3.10.3/Paddle/PaddleLite-armlinux-demo/object_detection_demo/build/CMakeFiles/CMakeTmp”


Parsed C implicit link information from above output:
  link line regex: [^( *|.*[/\])(arm-linux-gnueabihf-ld|CMAKE_LINK_STARTFILE-NOTFOUND|([^/\]+-)?ld|collect2)[^/\]*( |$)]
  ignore line: [Change Dir: /home/pi/cmake-3.10.3/Paddle/PaddleLite-armlinux-demo/object_detection_demo/build/CMakeFiles/CMakeTmp]
  ignore line: []
  ignore line: [Run Build Command:"/usr/bin/make" "cmTC_2aaf4/fast"]
  ignore line: [/usr/bin/make -f CMakeFiles/cmTC_2aaf4.dir/build.make CMakeFiles/cmTC_2aaf4.dir/build]
  ignore line: [make[1]: 进入目录“/home/pi/cmake-3.10.3/Paddle/PaddleLite-armlinux-demo/object_detection_demo/build/CMakeFiles/CMakeTmp”]
  ignore line: [Building C object CMakeFiles/cmTC_2aaf4.dir/CMakeCCompilerABI.c.o]
  ignore line: [/usr/bin/arm-linux-gnueabihf-gcc    -o CMakeFiles/cmTC_2aaf4.dir/CMakeCCompilerABI.c.o   -c /usr/local/share/cmake-3.10/Modules/CMakeCCompilerABI.c]
  ignore line: [Linking C executable cmTC_2aaf4]
  ignore line: [/usr/local/bin/cmake -E cmake_link_script CMakeFiles/cmTC_2aaf4.dir/link.txt --verbose=1]
  ignore line: [/usr/bin/arm-linux-gnueabihf-gcc     -v CMakeFiles/cmTC_2aaf4.dir/CMakeCCompilerABI.c.o  -o cmTC_2aaf4 ]
  ignore line: [Using built-in specs.]
  ignore line: [COLLECT_GCC=/usr/bin/arm-linux-gnueabihf-gcc]
  ignore line: [COLLECT_LTO_WRAPPER=/usr/lib/gcc/arm-linux-gnueabihf/8/lto-wrapper]
  ignore line: [Target: arm-linux-gnueabihf]
  ignore line: [Configured with: ../src/configure -v --with-pkgversion='Raspbian 8.3.0-6+rpi1' --with-bugurl=file:///usr/share/doc/gcc-8/README.Bugs --enable-languages=c,ada,c++,go,d,fortran,objc,obj-c++ --prefix=/usr --with-gcc-major-version-only --program-suffix=-8 --program-prefix=arm-linux-gnueabihf- --enable-shared --enable-linker-build-id --libexecdir=/usr/lib --without-included-gettext --enable-threads=posix --libdir=/usr/lib --enable-nls --enable-bootstrap --enable-clocale=gnu --enable-libstdcxx-debug --enable-libstdcxx-time=yes --with-default-libstdcxx-abi=new --enable-gnu-unique-object --disable-libitm --disable-libquadmath --disable-libquadmath-support --enable-plugin --with-system-zlib --with-target-system-zlib --enable-objc-gc=auto --enable-multiarch --disable-sjlj-exceptions --with-arch=armv6 --with-fpu=vfp --with-float=hard --disable-werror --enable-checking=release --build=arm-linux-gnueabihf --host=arm-linux-gnueabihf --target=arm-linux-gnueabihf]
  ignore line: [Thread model: posix]
  ignore line: [gcc version 8.3.0 (Raspbian 8.3.0-6+rpi1) ]
  ignore line: [COMPILER_PATH=/usr/lib/gcc/arm-linux-gnueabihf/8/:/usr/lib/gcc/arm-linux-gnueabihf/8/:/usr/lib/gcc/arm-linux-gnueabihf/:/usr/lib/gcc/arm-linux-gnueabihf/8/:/usr/lib/gcc/arm-linux-gnueabihf/]
  ignore line: [LIBRARY_PATH=/usr/lib/gcc/arm-linux-gnueabihf/8/:/usr/lib/gcc/arm-linux-gnueabihf/8/../../../arm-linux-gnueabihf/:/usr/lib/gcc/arm-linux-gnueabihf/8/../../../:/lib/arm-linux-gnueabihf/:/lib/:/usr/lib/arm-linux-gnueabihf/:/usr/lib/]
  ignore line: [COLLECT_GCC_OPTIONS='-v' '-o' 'cmTC_2aaf4'  '-mfloat-abi=hard' '-mfpu=vfp' '-mtls-dialect=gnu' '-marm' '-march=armv6+fp']
  link line: [ /usr/lib/gcc/arm-linux-gnueabihf/8/collect2 -plugin /usr/lib/gcc/arm-linux-gnueabihf/8/liblto_plugin.so -plugin-opt=/usr/lib/gcc/arm-linux-gnueabihf/8/lto-wrapper -plugin-opt=-fresolution=/tmp/ccTA5EQP.res -plugin-opt=-pass-through=-lgcc -plugin-opt=-pass-through=-lgcc_s -plugin-opt=-pass-through=-lc -plugin-opt=-pass-through=-lgcc -plugin-opt=-pass-through=-lgcc_s --build-id --eh-frame-hdr -dynamic-linker /lib/ld-linux-armhf.so.3 -X --hash-style=gnu -m armelf_linux_eabi -o cmTC_2aaf4 /usr/lib/gcc/arm-linux-gnueabihf/8/../../../arm-linux-gnueabihf/crt1.o /usr/lib/gcc/arm-linux-gnueabihf/8/../../../arm-linux-gnueabihf/crti.o /usr/lib/gcc/arm-linux-gnueabihf/8/crtbegin.o -L/usr/lib/gcc/arm-linux-gnueabihf/8 -L/usr/lib/gcc/arm-linux-gnueabihf/8/../../../arm-linux-gnueabihf -L/usr/lib/gcc/arm-linux-gnueabihf/8/../../.. -L/lib/arm-linux-gnueabihf -L/usr/lib/arm-linux-gnueabihf CMakeFiles/cmTC_2aaf4.dir/CMakeCCompilerABI.c.o -lgcc --push-state --as-needed -lgcc_s --pop-state -lc -lgcc --push-state --as-needed -lgcc_s --pop-state /usr/lib/gcc/arm-linux-gnueabihf/8/crtend.o /usr/lib/gcc/arm-linux-gnueabihf/8/../../../arm-linux-gnueabihf/crtn.o]
    arg [/usr/lib/gcc/arm-linux-gnueabihf/8/collect2] ==> ignore
    arg [-plugin] ==> ignore
    arg [/usr/lib/gcc/arm-linux-gnueabihf/8/liblto_plugin.so] ==> ignore
    arg [-plugin-opt=/usr/lib/gcc/arm-linux-gnueabihf/8/lto-wrapper] ==> ignore
    arg [-plugin-opt=-fresolution=/tmp/ccTA5EQP.res] ==> ignore
    arg [-plugin-opt=-pass-through=-lgcc] ==> ignore
    arg [-plugin-opt=-pass-through=-lgcc_s] ==> ignore
    arg [-plugin-opt=-pass-through=-lc] ==> ignore
    arg [-plugin-opt=-pass-through=-lgcc] ==> ignore
    arg [-plugin-opt=-pass-through=-lgcc_s] ==> ignore
    arg [--build-id] ==> ignore
    arg [--eh-frame-hdr] ==> ignore
    arg [-dynamic-linker] ==> ignore
    arg [/lib/ld-linux-armhf.so.3] ==> ignore
    arg [-X] ==> ignore
    arg [--hash-style=gnu] ==> ignore
    arg [-m] ==> ignore
    arg [armelf_linux_eabi] ==> ignore
    arg [-o] ==> ignore
    arg [cmTC_2aaf4] ==> ignore
    arg [/usr/lib/gcc/arm-linux-gnueabihf/8/../../../arm-linux-gnueabihf/crt1.o] ==> ignore
    arg [/usr/lib/gcc/arm-linux-gnueabihf/8/../../../arm-linux-gnueabihf/crti.o] ==> ignore
    arg [/usr/lib/gcc/arm-linux-gnueabihf/8/crtbegin.o] ==> ignore
    arg [-L/usr/lib/gcc/arm-linux-gnueabihf/8] ==> dir [/usr/lib/gcc/arm-linux-gnueabihf/8]
    arg [-L/usr/lib/gcc/arm-linux-gnueabihf/8/../../../arm-linux-gnueabihf] ==> dir [/usr/lib/gcc/arm-linux-gnueabihf/8/../../../arm-linux-gnueabihf]
    arg [-L/usr/lib/gcc/arm-linux-gnueabihf/8/../../..] ==> dir [/usr/lib/gcc/arm-linux-gnueabihf/8/../../..]
    arg [-L/lib/arm-linux-gnueabihf] ==> dir [/lib/arm-linux-gnueabihf]
    arg [-L/usr/lib/arm-linux-gnueabihf] ==> dir [/usr/lib/arm-linux-gnueabihf]
    arg [CMakeFiles/cmTC_2aaf4.dir/CMakeCCompilerABI.c.o] ==> ignore
    arg [-lgcc] ==> lib [gcc]
    arg [--push-state] ==> ignore
    arg [--as-needed] ==> ignore
    arg [-lgcc_s] ==> lib [gcc_s]
    arg [--pop-state] ==> ignore
    arg [-lc] ==> lib [c]
    arg [-lgcc] ==> lib [gcc]
    arg [--push-state] ==> ignore
    arg [--as-needed] ==> ignore
    arg [-lgcc_s] ==> lib [gcc_s]
    arg [--pop-state] ==> ignore
    arg [/usr/lib/gcc/arm-linux-gnueabihf/8/crtend.o] ==> ignore
    arg [/usr/lib/gcc/arm-linux-gnueabihf/8/../../../arm-linux-gnueabihf/crtn.o] ==> ignore
  collapse library dir [/usr/lib/gcc/arm-linux-gnueabihf/8] ==> [/usr/lib/gcc/arm-linux-gnueabihf/8]
  collapse library dir [/usr/lib/gcc/arm-linux-gnueabihf/8/../../../arm-linux-gnueabihf] ==> [/usr/lib/arm-linux-gnueabihf]
  collapse library dir [/usr/lib/gcc/arm-linux-gnueabihf/8/../../..] ==> [/usr/lib]
  collapse library dir [/lib/arm-linux-gnueabihf] ==> [/lib/arm-linux-gnueabihf]
  collapse library dir [/usr/lib/arm-linux-gnueabihf] ==> [/usr/lib/arm-linux-gnueabihf]
  implicit libs: [gcc;gcc_s;c;gcc;gcc_s]
  implicit dirs: [/usr/lib/gcc/arm-linux-gnueabihf/8;/usr/lib/arm-linux-gnueabihf;/usr/lib;/lib/arm-linux-gnueabihf]
  implicit fwks: []




Detecting C [-std=c11] compiler features compiled with the following output:
Change Dir: /home/pi/cmake-3.10.3/Paddle/PaddleLite-armlinux-demo/object_detection_demo/build/CMakeFiles/CMakeTmp

Run Build Command:"/usr/bin/make" "cmTC_aa38c/fast"
/usr/bin/make -f CMakeFiles/cmTC_aa38c.dir/build.make CMakeFiles/cmTC_aa38c.dir/build
make[1]: 进入目录“/home/pi/cmake-3.10.3/Paddle/PaddleLite-armlinux-demo/object_detection_demo/build/CMakeFiles/CMakeTmp”
Building C object CMakeFiles/cmTC_aa38c.dir/feature_tests.c.o
/usr/bin/arm-linux-gnueabihf-gcc   -std=c11 -o CMakeFiles/cmTC_aa38c.dir/feature_tests.c.o   -c /home/pi/cmake-3.10.3/Paddle/PaddleLite-armlinux-demo/object_detection_demo/build/CMakeFiles/feature_tests.c
Linking C executable cmTC_aa38c
/usr/local/bin/cmake -E cmake_link_script CMakeFiles/cmTC_aa38c.dir/link.txt --verbose=1
/usr/bin/arm-linux-gnueabihf-gcc      CMakeFiles/cmTC_aa38c.dir/feature_tests.c.o  -o cmTC_aa38c 
make[1]: 离开目录“/home/pi/cmake-3.10.3/Paddle/PaddleLite-armlinux-demo/object_detection_demo/build/CMakeFiles/CMakeTmp”


    Feature record: C_FEATURE:1c_function_prototypes
    Feature record: C_FEATURE:1c_restrict
    Feature record: C_FEATURE:1c_static_assert
    Feature record: C_FEATURE:1c_variadic_macros


Detecting C [-std=c99] compiler features compiled with the following output:
Change Dir: /home/pi/cmake-3.10.3/Paddle/PaddleLite-armlinux-demo/object_detection_demo/build/CMakeFiles/CMakeTmp

Run Build Command:"/usr/bin/make" "cmTC_b6106/fast"
/usr/bin/make -f CMakeFiles/cmTC_b6106.dir/build.make CMakeFiles/cmTC_b6106.dir/build
make[1]: 进入目录“/home/pi/cmake-3.10.3/Paddle/PaddleLite-armlinux-demo/object_detection_demo/build/CMakeFiles/CMakeTmp”
Building C object CMakeFiles/cmTC_b6106.dir/feature_tests.c.o
/usr/bin/arm-linux-gnueabihf-gcc   -std=c99 -o CMakeFiles/cmTC_b6106.dir/feature_tests.c.o   -c /home/pi/cmake-3.10.3/Paddle/PaddleLite-armlinux-demo/object_detection_demo/build/CMakeFiles/feature_tests.c
Linking C executable cmTC_b6106
/usr/local/bin/cmake -E cmake_link_script CMakeFiles/cmTC_b6106.dir/link.txt --verbose=1
/usr/bin/arm-linux-gnueabihf-gcc      CMakeFiles/cmTC_b6106.dir/feature_tests.c.o  -o cmTC_b6106 
make[1]: 离开目录“/home/pi/cmake-3.10.3/Paddle/PaddleLite-armlinux-demo/object_detection_demo/build/CMakeFiles/CMakeTmp”


    Feature record: C_FEATURE:1c_function_prototypes
    Feature record: C_FEATURE:1c_restrict
    Feature record: C_FEATURE:0c_static_assert
    Feature record: C_FEATURE:1c_variadic_macros


Detecting C [-std=c90] compiler features compiled with the following output:
Change Dir: /home/pi/cmake-3.10.3/Paddle/PaddleLite-armlinux-demo/object_detection_demo/build/CMakeFiles/CMakeTmp

Run Build Command:"/usr/bin/make" "cmTC_33bc1/fast"
/usr/bin/make -f CMakeFiles/cmTC_33bc1.dir/build.make CMakeFiles/cmTC_33bc1.dir/build
make[1]: 进入目录“/home/pi/cmake-3.10.3/Paddle/PaddleLite-armlinux-demo/object_detection_demo/build/CMakeFiles/CMakeTmp”
Building C object CMakeFiles/cmTC_33bc1.dir/feature_tests.c.o
/usr/bin/arm-linux-gnueabihf-gcc   -std=c90 -o CMakeFiles/cmTC_33bc1.dir/feature_tests.c.o   -c /home/pi/cmake-3.10.3/Paddle/PaddleLite-armlinux-demo/object_detection_demo/build/CMakeFiles/feature_tests.c
Linking C executable cmTC_33bc1
/usr/local/bin/cmake -E cmake_link_script CMakeFiles/cmTC_33bc1.dir/link.txt --verbose=1
/usr/bin/arm-linux-gnueabihf-gcc      CMakeFiles/cmTC_33bc1.dir/feature_tests.c.o  -o cmTC_33bc1 
make[1]: 离开目录“/home/pi/cmake-3.10.3/Paddle/PaddleLite-armlinux-demo/object_detection_demo/build/CMakeFiles/CMakeTmp”


    Feature record: C_FEATURE:1c_function_prototypes
    Feature record: C_FEATURE:0c_restrict
    Feature record: C_FEATURE:0c_static_assert
    Feature record: C_FEATURE:0c_variadic_macros
Determining if the CXX compiler works passed with the following output:
Change Dir: /home/pi/cmake-3.10.3/Paddle/PaddleLite-armlinux-demo/object_detection_demo/build/CMakeFiles/CMakeTmp

Run Build Command:"/usr/bin/make" "cmTC_fd091/fast"
/usr/bin/make -f CMakeFiles/cmTC_fd091.dir/build.make CMakeFiles/cmTC_fd091.dir/build
make[1]: 进入目录“/home/pi/cmake-3.10.3/Paddle/PaddleLite-armlinux-demo/object_detection_demo/build/CMakeFiles/CMakeTmp”
Building CXX object CMakeFiles/cmTC_fd091.dir/testCXXCompiler.cxx.o
/usr/bin/arm-linux-gnueabihf-g++     -o CMakeFiles/cmTC_fd091.dir/testCXXCompiler.cxx.o -c /home/pi/cmake-3.10.3/Paddle/PaddleLite-armlinux-demo/object_detection_demo/build/CMakeFiles/CMakeTmp/testCXXCompiler.cxx
Linking CXX executable cmTC_fd091
/usr/local/bin/cmake -E cmake_link_script CMakeFiles/cmTC_fd091.dir/link.txt --verbose=1
/usr/bin/arm-linux-gnueabihf-g++       CMakeFiles/cmTC_fd091.dir/testCXXCompiler.cxx.o  -o cmTC_fd091 
make[1]: 离开目录“/home/pi/cmake-3.10.3/Paddle/PaddleLite-armlinux-demo/object_detection_demo/build/CMakeFiles/CMakeTmp”


Detecting CXX compiler ABI info compiled with the following output:
Change Dir: /home/pi/cmake-3.10.3/Paddle/PaddleLite-armlinux-demo/object_detection_demo/build/CMakeFiles/CMakeTmp

Run Build Command:"/usr/bin/make" "cmTC_47799/fast"
/usr/bin/make -f CMakeFiles/cmTC_47799.dir/build.make CMakeFiles/cmTC_47799.dir/build
make[1]: 进入目录“/home/pi/cmake-3.10.3/Paddle/PaddleLite-armlinux-demo/object_detection_demo/build/CMakeFiles/CMakeTmp”
Building CXX object CMakeFiles/cmTC_47799.dir/CMakeCXXCompilerABI.cpp.o
/usr/bin/arm-linux-gnueabihf-g++     -o CMakeFiles/cmTC_47799.dir/CMakeCXXCompilerABI.cpp.o -c /usr/local/share/cmake-3.10/Modules/CMakeCXXCompilerABI.cpp
Linking CXX executable cmTC_47799
/usr/local/bin/cmake -E cmake_link_script CMakeFiles/cmTC_47799.dir/link.txt --verbose=1
/usr/bin/arm-linux-gnueabihf-g++      -v CMakeFiles/cmTC_47799.dir/CMakeCXXCompilerABI.cpp.o  -o cmTC_47799 
Using built-in specs.
COLLECT_GCC=/usr/bin/arm-linux-gnueabihf-g++
COLLECT_LTO_WRAPPER=/usr/lib/gcc/arm-linux-gnueabihf/8/lto-wrapper
Target: arm-linux-gnueabihf
Configured with: ../src/configure -v --with-pkgversion='Raspbian 8.3.0-6+rpi1' --with-bugurl=file:///usr/share/doc/gcc-8/README.Bugs --enable-languages=c,ada,c++,go,d,fortran,objc,obj-c++ --prefix=/usr --with-gcc-major-version-only --program-suffix=-8 --program-prefix=arm-linux-gnueabihf- --enable-shared --enable-linker-build-id --libexecdir=/usr/lib --without-included-gettext --enable-threads=posix --libdir=/usr/lib --enable-nls --enable-bootstrap --enable-clocale=gnu --enable-libstdcxx-debug --enable-libstdcxx-time=yes --with-default-libstdcxx-abi=new --enable-gnu-unique-object --disable-libitm --disable-libquadmath --disable-libquadmath-support --enable-plugin --with-system-zlib --with-target-system-zlib --enable-objc-gc=auto --enable-multiarch --disable-sjlj-exceptions --with-arch=armv6 --with-fpu=vfp --with-float=hard --disable-werror --enable-checking=release --build=arm-linux-gnueabihf --host=arm-linux-gnueabihf --target=arm-linux-gnueabihf
Thread model: posix
gcc version 8.3.0 (Raspbian 8.3.0-6+rpi1) 
COMPILER_PATH=/usr/lib/gcc/arm-linux-gnueabihf/8/:/usr/lib/gcc/arm-linux-gnueabihf/8/:/usr/lib/gcc/arm-linux-gnueabihf/:/usr/lib/gcc/arm-linux-gnueabihf/8/:/usr/lib/gcc/arm-linux-gnueabihf/
LIBRARY_PATH=/usr/lib/gcc/arm-linux-gnueabihf/8/:/usr/lib/gcc/arm-linux-gnueabihf/8/../../../arm-linux-gnueabihf/:/usr/lib/gcc/arm-linux-gnueabihf/8/../../../:/lib/arm-linux-gnueabihf/:/lib/:/usr/lib/arm-linux-gnueabihf/:/usr/lib/
COLLECT_GCC_OPTIONS='-v' '-o' 'cmTC_47799' '-shared-libgcc'  '-mfloat-abi=hard' '-mfpu=vfp' '-mtls-dialect=gnu' '-marm' '-march=armv6+fp'
 /usr/lib/gcc/arm-linux-gnueabihf/8/collect2 -plugin /usr/lib/gcc/arm-linux-gnueabihf/8/liblto_plugin.so -plugin-opt=/usr/lib/gcc/arm-linux-gnueabihf/8/lto-wrapper -plugin-opt=-fresolution=/tmp/ccuvagl4.res -plugin-opt=-pass-through=-lgcc_s -plugin-opt=-pass-through=-lgcc -plugin-opt=-pass-through=-lc -plugin-opt=-pass-through=-lgcc_s -plugin-opt=-pass-through=-lgcc --build-id --eh-frame-hdr -dynamic-linker /lib/ld-linux-armhf.so.3 -X --hash-style=gnu -m armelf_linux_eabi -o cmTC_47799 /usr/lib/gcc/arm-linux-gnueabihf/8/../../../arm-linux-gnueabihf/crt1.o /usr/lib/gcc/arm-linux-gnueabihf/8/../../../arm-linux-gnueabihf/crti.o /usr/lib/gcc/arm-linux-gnueabihf/8/crtbegin.o -L/usr/lib/gcc/arm-linux-gnueabihf/8 -L/usr/lib/gcc/arm-linux-gnueabihf/8/../../../arm-linux-gnueabihf -L/usr/lib/gcc/arm-linux-gnueabihf/8/../../.. -L/lib/arm-linux-gnueabihf -L/usr/lib/arm-linux-gnueabihf CMakeFiles/cmTC_47799.dir/CMakeCXXCompilerABI.cpp.o -lstdc++ -lm -lgcc_s -lgcc -lc -lgcc_s -lgcc /usr/lib/gcc/arm-linux-gnueabihf/8/crtend.o /usr/lib/gcc/arm-linux-gnueabihf/8/../../../arm-linux-gnueabihf/crtn.o
COLLECT_GCC_OPTIONS='-v' '-o' 'cmTC_47799' '-shared-libgcc'  '-mfloat-abi=hard' '-mfpu=vfp' '-mtls-dialect=gnu' '-marm' '-march=armv6+fp'
make[1]: 离开目录“/home/pi/cmake-3.10.3/Paddle/PaddleLite-armlinux-demo/object_detection_demo/build/CMakeFiles/CMakeTmp”


Parsed CXX implicit link information from above output:
  link line regex: [^( *|.*[/\])(arm-linux-gnueabihf-ld|CMAKE_LINK_STARTFILE-NOTFOUND|([^/\]+-)?ld|collect2)[^/\]*( |$)]
  ignore line: [Change Dir: /home/pi/cmake-3.10.3/Paddle/PaddleLite-armlinux-demo/object_detection_demo/build/CMakeFiles/CMakeTmp]
  ignore line: []
  ignore line: [Run Build Command:"/usr/bin/make" "cmTC_47799/fast"]
  ignore line: [/usr/bin/make -f CMakeFiles/cmTC_47799.dir/build.make CMakeFiles/cmTC_47799.dir/build]
  ignore line: [make[1]: 进入目录“/home/pi/cmake-3.10.3/Paddle/PaddleLite-armlinux-demo/object_detection_demo/build/CMakeFiles/CMakeTmp”]
  ignore line: [Building CXX object CMakeFiles/cmTC_47799.dir/CMakeCXXCompilerABI.cpp.o]
  ignore line: [/usr/bin/arm-linux-gnueabihf-g++     -o CMakeFiles/cmTC_47799.dir/CMakeCXXCompilerABI.cpp.o -c /usr/local/share/cmake-3.10/Modules/CMakeCXXCompilerABI.cpp]
  ignore line: [Linking CXX executable cmTC_47799]
  ignore line: [/usr/local/bin/cmake -E cmake_link_script CMakeFiles/cmTC_47799.dir/link.txt --verbose=1]
  ignore line: [/usr/bin/arm-linux-gnueabihf-g++      -v CMakeFiles/cmTC_47799.dir/CMakeCXXCompilerABI.cpp.o  -o cmTC_47799 ]
  ignore line: [Using built-in specs.]
  ignore line: [COLLECT_GCC=/usr/bin/arm-linux-gnueabihf-g++]
  ignore line: [COLLECT_LTO_WRAPPER=/usr/lib/gcc/arm-linux-gnueabihf/8/lto-wrapper]
  ignore line: [Target: arm-linux-gnueabihf]
  ignore line: [Configured with: ../src/configure -v --with-pkgversion='Raspbian 8.3.0-6+rpi1' --with-bugurl=file:///usr/share/doc/gcc-8/README.Bugs --enable-languages=c,ada,c++,go,d,fortran,objc,obj-c++ --prefix=/usr --with-gcc-major-version-only --program-suffix=-8 --program-prefix=arm-linux-gnueabihf- --enable-shared --enable-linker-build-id --libexecdir=/usr/lib --without-included-gettext --enable-threads=posix --libdir=/usr/lib --enable-nls --enable-bootstrap --enable-clocale=gnu --enable-libstdcxx-debug --enable-libstdcxx-time=yes --with-default-libstdcxx-abi=new --enable-gnu-unique-object --disable-libitm --disable-libquadmath --disable-libquadmath-support --enable-plugin --with-system-zlib --with-target-system-zlib --enable-objc-gc=auto --enable-multiarch --disable-sjlj-exceptions --with-arch=armv6 --with-fpu=vfp --with-float=hard --disable-werror --enable-checking=release --build=arm-linux-gnueabihf --host=arm-linux-gnueabihf --target=arm-linux-gnueabihf]
  ignore line: [Thread model: posix]
  ignore line: [gcc version 8.3.0 (Raspbian 8.3.0-6+rpi1) ]
  ignore line: [COMPILER_PATH=/usr/lib/gcc/arm-linux-gnueabihf/8/:/usr/lib/gcc/arm-linux-gnueabihf/8/:/usr/lib/gcc/arm-linux-gnueabihf/:/usr/lib/gcc/arm-linux-gnueabihf/8/:/usr/lib/gcc/arm-linux-gnueabihf/]
  ignore line: [LIBRARY_PATH=/usr/lib/gcc/arm-linux-gnueabihf/8/:/usr/lib/gcc/arm-linux-gnueabihf/8/../../../arm-linux-gnueabihf/:/usr/lib/gcc/arm-linux-gnueabihf/8/../../../:/lib/arm-linux-gnueabihf/:/lib/:/usr/lib/arm-linux-gnueabihf/:/usr/lib/]
  ignore line: [COLLECT_GCC_OPTIONS='-v' '-o' 'cmTC_47799' '-shared-libgcc'  '-mfloat-abi=hard' '-mfpu=vfp' '-mtls-dialect=gnu' '-marm' '-march=armv6+fp']
  link line: [ /usr/lib/gcc/arm-linux-gnueabihf/8/collect2 -plugin /usr/lib/gcc/arm-linux-gnueabihf/8/liblto_plugin.so -plugin-opt=/usr/lib/gcc/arm-linux-gnueabihf/8/lto-wrapper -plugin-opt=-fresolution=/tmp/ccuvagl4.res -plugin-opt=-pass-through=-lgcc_s -plugin-opt=-pass-through=-lgcc -plugin-opt=-pass-through=-lc -plugin-opt=-pass-through=-lgcc_s -plugin-opt=-pass-through=-lgcc --build-id --eh-frame-hdr -dynamic-linker /lib/ld-linux-armhf.so.3 -X --hash-style=gnu -m armelf_linux_eabi -o cmTC_47799 /usr/lib/gcc/arm-linux-gnueabihf/8/../../../arm-linux-gnueabihf/crt1.o /usr/lib/gcc/arm-linux-gnueabihf/8/../../../arm-linux-gnueabihf/crti.o /usr/lib/gcc/arm-linux-gnueabihf/8/crtbegin.o -L/usr/lib/gcc/arm-linux-gnueabihf/8 -L/usr/lib/gcc/arm-linux-gnueabihf/8/../../../arm-linux-gnueabihf -L/usr/lib/gcc/arm-linux-gnueabihf/8/../../.. -L/lib/arm-linux-gnueabihf -L/usr/lib/arm-linux-gnueabihf CMakeFiles/cmTC_47799.dir/CMakeCXXCompilerABI.cpp.o -lstdc++ -lm -lgcc_s -lgcc -lc -lgcc_s -lgcc /usr/lib/gcc/arm-linux-gnueabihf/8/crtend.o /usr/lib/gcc/arm-linux-gnueabihf/8/../../../arm-linux-gnueabihf/crtn.o]
    arg [/usr/lib/gcc/arm-linux-gnueabihf/8/collect2] ==> ignore
    arg [-plugin] ==> ignore
    arg [/usr/lib/gcc/arm-linux-gnueabihf/8/liblto_plugin.so] ==> ignore
    arg [-plugin-opt=/usr/lib/gcc/arm-linux-gnueabihf/8/lto-wrapper] ==> ignore
    arg [-plugin-opt=-fresolution=/tmp/ccuvagl4.res] ==> ignore
    arg [-plugin-opt=-pass-through=-lgcc_s] ==> ignore
    arg [-plugin-opt=-pass-through=-lgcc] ==> ignore
    arg [-plugin-opt=-pass-through=-lc] ==> ignore
    arg [-plugin-opt=-pass-through=-lgcc_s] ==> ignore
    arg [-plugin-opt=-pass-through=-lgcc] ==> ignore
    arg [--build-id] ==> ignore
    arg [--eh-frame-hdr] ==> ignore
    arg [-dynamic-linker] ==> ignore
    arg [/lib/ld-linux-armhf.so.3] ==> ignore
    arg [-X] ==> ignore
    arg [--hash-style=gnu] ==> ignore
    arg [-m] ==> ignore
    arg [armelf_linux_eabi] ==> ignore
    arg [-o] ==> ignore
    arg [cmTC_47799] ==> ignore
    arg [/usr/lib/gcc/arm-linux-gnueabihf/8/../../../arm-linux-gnueabihf/crt1.o] ==> ignore
    arg [/usr/lib/gcc/arm-linux-gnueabihf/8/../../../arm-linux-gnueabihf/crti.o] ==> ignore
    arg [/usr/lib/gcc/arm-linux-gnueabihf/8/crtbegin.o] ==> ignore
    arg [-L/usr/lib/gcc/arm-linux-gnueabihf/8] ==> dir [/usr/lib/gcc/arm-linux-gnueabihf/8]
    arg [-L/usr/lib/gcc/arm-linux-gnueabihf/8/../../../arm-linux-gnueabihf] ==> dir [/usr/lib/gcc/arm-linux-gnueabihf/8/../../../arm-linux-gnueabihf]
    arg [-L/usr/lib/gcc/arm-linux-gnueabihf/8/../../..] ==> dir [/usr/lib/gcc/arm-linux-gnueabihf/8/../../..]
    arg [-L/lib/arm-linux-gnueabihf] ==> dir [/lib/arm-linux-gnueabihf]
    arg [-L/usr/lib/arm-linux-gnueabihf] ==> dir [/usr/lib/arm-linux-gnueabihf]
    arg [CMakeFiles/cmTC_47799.dir/CMakeCXXCompilerABI.cpp.o] ==> ignore
    arg [-lstdc++] ==> lib [stdc++]
    arg [-lm] ==> lib [m]
    arg [-lgcc_s] ==> lib [gcc_s]
    arg [-lgcc] ==> lib [gcc]
    arg [-lc] ==> lib [c]
    arg [-lgcc_s] ==> lib [gcc_s]
    arg [-lgcc] ==> lib [gcc]
    arg [/usr/lib/gcc/arm-linux-gnueabihf/8/crtend.o] ==> ignore
    arg [/usr/lib/gcc/arm-linux-gnueabihf/8/../../../arm-linux-gnueabihf/crtn.o] ==> ignore
  collapse library dir [/usr/lib/gcc/arm-linux-gnueabihf/8] ==> [/usr/lib/gcc/arm-linux-gnueabihf/8]
  collapse library dir [/usr/lib/gcc/arm-linux-gnueabihf/8/../../../arm-linux-gnueabihf] ==> [/usr/lib/arm-linux-gnueabihf]
  collapse library dir [/usr/lib/gcc/arm-linux-gnueabihf/8/../../..] ==> [/usr/lib]
  collapse library dir [/lib/arm-linux-gnueabihf] ==> [/lib/arm-linux-gnueabihf]
  collapse library dir [/usr/lib/arm-linux-gnueabihf] ==> [/usr/lib/arm-linux-gnueabihf]
  implicit libs: [stdc++;m;gcc_s;gcc;c;gcc_s;gcc]
  implicit dirs: [/usr/lib/gcc/arm-linux-gnueabihf/8;/usr/lib/arm-linux-gnueabihf;/usr/lib;/lib/arm-linux-gnueabihf]
  implicit fwks: []




Detecting CXX [-std=c++1z] compiler features compiled with the following output:
Change Dir: /home/pi/cmake-3.10.3/Paddle/PaddleLite-armlinux-demo/object_detection_demo/build/CMakeFiles/CMakeTmp

Run Build Command:"/usr/bin/make" "cmTC_2a170/fast"
/usr/bin/make -f CMakeFiles/cmTC_2a170.dir/build.make CMakeFiles/cmTC_2a170.dir/build
make[1]: 进入目录“/home/pi/cmake-3.10.3/Paddle/PaddleLite-armlinux-demo/object_detection_demo/build/CMakeFiles/CMakeTmp”
Building CXX object CMakeFiles/cmTC_2a170.dir/feature_tests.cxx.o
/usr/bin/arm-linux-gnueabihf-g++    -std=c++1z -o CMakeFiles/cmTC_2a170.dir/feature_tests.cxx.o -c /home/pi/cmake-3.10.3/Paddle/PaddleLite-armlinux-demo/object_detection_demo/build/CMakeFiles/feature_tests.cxx
Linking CXX executable cmTC_2a170
/usr/local/bin/cmake -E cmake_link_script CMakeFiles/cmTC_2a170.dir/link.txt --verbose=1
/usr/bin/arm-linux-gnueabihf-g++       CMakeFiles/cmTC_2a170.dir/feature_tests.cxx.o  -o cmTC_2a170 
make[1]: 离开目录“/home/pi/cmake-3.10.3/Paddle/PaddleLite-armlinux-demo/object_detection_demo/build/CMakeFiles/CMakeTmp”


    Feature record: CXX_FEATURE:1cxx_aggregate_default_initializers
    Feature record: CXX_FEATURE:1cxx_alias_templates
    Feature record: CXX_FEATURE:1cxx_alignas
    Feature record: CXX_FEATURE:1cxx_alignof
    Feature record: CXX_FEATURE:1cxx_attributes
    Feature record: CXX_FEATURE:1cxx_attribute_deprecated
    Feature record: CXX_FEATURE:1cxx_auto_type
    Feature record: CXX_FEATURE:1cxx_binary_literals
    Feature record: CXX_FEATURE:1cxx_constexpr
    Feature record: CXX_FEATURE:1cxx_contextual_conversions
    Feature record: CXX_FEATURE:1cxx_decltype
    Feature record: CXX_FEATURE:1cxx_decltype_auto
    Feature record: CXX_FEATURE:1cxx_decltype_incomplete_return_types
    Feature record: CXX_FEATURE:1cxx_default_function_template_args
    Feature record: CXX_FEATURE:1cxx_defaulted_functions
    Feature record: CXX_FEATURE:1cxx_defaulted_move_initializers
    Feature record: CXX_FEATURE:1cxx_delegating_constructors
    Feature record: CXX_FEATURE:1cxx_deleted_functions
    Feature record: CXX_FEATURE:1cxx_digit_separators
    Feature record: CXX_FEATURE:1cxx_enum_forward_declarations
    Feature record: CXX_FEATURE:1cxx_explicit_conversions
    Feature record: CXX_FEATURE:1cxx_extended_friend_declarations
    Feature record: CXX_FEATURE:1cxx_extern_templates
    Feature record: CXX_FEATURE:1cxx_final
    Feature record: CXX_FEATURE:1cxx_func_identifier
    Feature record: CXX_FEATURE:1cxx_generalized_initializers
    Feature record: CXX_FEATURE:1cxx_generic_lambdas
    Feature record: CXX_FEATURE:1cxx_inheriting_constructors
    Feature record: CXX_FEATURE:1cxx_inline_namespaces
    Feature record: CXX_FEATURE:1cxx_lambdas
    Feature record: CXX_FEATURE:1cxx_lambda_init_captures
    Feature record: CXX_FEATURE:1cxx_local_type_template_args
    Feature record: CXX_FEATURE:1cxx_long_long_type
    Feature record: CXX_FEATURE:1cxx_noexcept
    Feature record: CXX_FEATURE:1cxx_nonstatic_member_init
    Feature record: CXX_FEATURE:1cxx_nullptr
    Feature record: CXX_FEATURE:1cxx_override
    Feature record: CXX_FEATURE:1cxx_range_for
    Feature record: CXX_FEATURE:1cxx_raw_string_literals
    Feature record: CXX_FEATURE:1cxx_reference_qualified_functions
    Feature record: CXX_FEATURE:1cxx_relaxed_constexpr
    Feature record: CXX_FEATURE:1cxx_return_type_deduction
    Feature record: CXX_FEATURE:1cxx_right_angle_brackets
    Feature record: CXX_FEATURE:1cxx_rvalue_references
    Feature record: CXX_FEATURE:1cxx_sizeof_member
    Feature record: CXX_FEATURE:1cxx_static_assert
    Feature record: CXX_FEATURE:1cxx_strong_enums
    Feature record: CXX_FEATURE:1cxx_template_template_parameters
    Feature record: CXX_FEATURE:1cxx_thread_local
    Feature record: CXX_FEATURE:1cxx_trailing_return_types
    Feature record: CXX_FEATURE:1cxx_unicode_literals
    Feature record: CXX_FEATURE:1cxx_uniform_initialization
    Feature record: CXX_FEATURE:1cxx_unrestricted_unions
    Feature record: CXX_FEATURE:1cxx_user_literals
    Feature record: CXX_FEATURE:1cxx_variable_templates
    Feature record: CXX_FEATURE:1cxx_variadic_macros
    Feature record: CXX_FEATURE:1cxx_variadic_templates


Detecting CXX [-std=c++14] compiler features compiled with the following output:
Change Dir: /home/pi/cmake-3.10.3/Paddle/PaddleLite-armlinux-demo/object_detection_demo/build/CMakeFiles/CMakeTmp

Run Build Command:"/usr/bin/make" "cmTC_55def/fast"
/usr/bin/make -f CMakeFiles/cmTC_55def.dir/build.make CMakeFiles/cmTC_55def.dir/build
make[1]: 进入目录“/home/pi/cmake-3.10.3/Paddle/PaddleLite-armlinux-demo/object_detection_demo/build/CMakeFiles/CMakeTmp”
Building CXX object CMakeFiles/cmTC_55def.dir/feature_tests.cxx.o
/usr/bin/arm-linux-gnueabihf-g++    -std=c++14 -o CMakeFiles/cmTC_55def.dir/feature_tests.cxx.o -c /home/pi/cmake-3.10.3/Paddle/PaddleLite-armlinux-demo/object_detection_demo/build/CMakeFiles/feature_tests.cxx
Linking CXX executable cmTC_55def
/usr/local/bin/cmake -E cmake_link_script CMakeFiles/cmTC_55def.dir/link.txt --verbose=1
/usr/bin/arm-linux-gnueabihf-g++       CMakeFiles/cmTC_55def.dir/feature_tests.cxx.o  -o cmTC_55def 
make[1]: 离开目录“/home/pi/cmake-3.10.3/Paddle/PaddleLite-armlinux-demo/object_detection_demo/build/CMakeFiles/CMakeTmp”


    Feature record: CXX_FEATURE:1cxx_aggregate_default_initializers
    Feature record: CXX_FEATURE:1cxx_alias_templates
    Feature record: CXX_FEATURE:1cxx_alignas
    Feature record: CXX_FEATURE:1cxx_alignof
    Feature record: CXX_FEATURE:1cxx_attributes
    Feature record: CXX_FEATURE:1cxx_attribute_deprecated
    Feature record: CXX_FEATURE:1cxx_auto_type
    Feature record: CXX_FEATURE:1cxx_binary_literals
    Feature record: CXX_FEATURE:1cxx_constexpr
    Feature record: CXX_FEATURE:1cxx_contextual_conversions
    Feature record: CXX_FEATURE:1cxx_decltype
    Feature record: CXX_FEATURE:1cxx_decltype_auto
    Feature record: CXX_FEATURE:1cxx_decltype_incomplete_return_types
    Feature record: CXX_FEATURE:1cxx_default_function_template_args
    Feature record: CXX_FEATURE:1cxx_defaulted_functions
    Feature record: CXX_FEATURE:1cxx_defaulted_move_initializers
    Feature record: CXX_FEATURE:1cxx_delegating_constructors
    Feature record: CXX_FEATURE:1cxx_deleted_functions
    Feature record: CXX_FEATURE:1cxx_digit_separators
    Feature record: CXX_FEATURE:1cxx_enum_forward_declarations
    Feature record: CXX_FEATURE:1cxx_explicit_conversions
    Feature record: CXX_FEATURE:1cxx_extended_friend_declarations
    Feature record: CXX_FEATURE:1cxx_extern_templates
    Feature record: CXX_FEATURE:1cxx_final
    Feature record: CXX_FEATURE:1cxx_func_identifier
    Feature record: CXX_FEATURE:1cxx_generalized_initializers
    Feature record: CXX_FEATURE:1cxx_generic_lambdas
    Feature record: CXX_FEATURE:1cxx_inheriting_constructors
    Feature record: CXX_FEATURE:1cxx_inline_namespaces
    Feature record: CXX_FEATURE:1cxx_lambdas
    Feature record: CXX_FEATURE:1cxx_lambda_init_captures
    Feature record: CXX_FEATURE:1cxx_local_type_template_args
    Feature record: CXX_FEATURE:1cxx_long_long_type
    Feature record: CXX_FEATURE:1cxx_noexcept
    Feature record: CXX_FEATURE:1cxx_nonstatic_member_init
    Feature record: CXX_FEATURE:1cxx_nullptr
    Feature record: CXX_FEATURE:1cxx_override
    Feature record: CXX_FEATURE:1cxx_range_for
    Feature record: CXX_FEATURE:1cxx_raw_string_literals
    Feature record: CXX_FEATURE:1cxx_reference_qualified_functions
    Feature record: CXX_FEATURE:1cxx_relaxed_constexpr
    Feature record: CXX_FEATURE:1cxx_return_type_deduction
    Feature record: CXX_FEATURE:1cxx_right_angle_brackets
    Feature record: CXX_FEATURE:1cxx_rvalue_references
    Feature record: CXX_FEATURE:1cxx_sizeof_member
    Feature record: CXX_FEATURE:1cxx_static_assert
    Feature record: CXX_FEATURE:1cxx_strong_enums
    Feature record: CXX_FEATURE:1cxx_template_template_parameters
    Feature record: CXX_FEATURE:1cxx_thread_local
    Feature record: CXX_FEATURE:1cxx_trailing_return_types
    Feature record: CXX_FEATURE:1cxx_unicode_literals
    Feature record: CXX_FEATURE:1cxx_uniform_initialization
    Feature record: CXX_FEATURE:1cxx_unrestricted_unions
    Feature record: CXX_FEATURE:1cxx_user_literals
    Feature record: CXX_FEATURE:1cxx_variable_templates
    Feature record: CXX_FEATURE:1cxx_variadic_macros
    Feature record: CXX_FEATURE:1cxx_variadic_templates


Detecting CXX [-std=c++11] compiler features compiled with the following output:
Change Dir: /home/pi/cmake-3.10.3/Paddle/PaddleLite-armlinux-demo/object_detection_demo/build/CMakeFiles/CMakeTmp

Run Build Command:"/usr/bin/make" "cmTC_6da7a/fast"
/usr/bin/make -f CMakeFiles/cmTC_6da7a.dir/build.make CMakeFiles/cmTC_6da7a.dir/build
make[1]: 进入目录“/home/pi/cmake-3.10.3/Paddle/PaddleLite-armlinux-demo/object_detection_demo/build/CMakeFiles/CMakeTmp”
Building CXX object CMakeFiles/cmTC_6da7a.dir/feature_tests.cxx.o
/usr/bin/arm-linux-gnueabihf-g++    -std=c++11 -o CMakeFiles/cmTC_6da7a.dir/feature_tests.cxx.o -c /home/pi/cmake-3.10.3/Paddle/PaddleLite-armlinux-demo/object_detection_demo/build/CMakeFiles/feature_tests.cxx
Linking CXX executable cmTC_6da7a
/usr/local/bin/cmake -E cmake_link_script CMakeFiles/cmTC_6da7a.dir/link.txt --verbose=1
/usr/bin/arm-linux-gnueabihf-g++       CMakeFiles/cmTC_6da7a.dir/feature_tests.cxx.o  -o cmTC_6da7a 
make[1]: 离开目录“/home/pi/cmake-3.10.3/Paddle/PaddleLite-armlinux-demo/object_detection_demo/build/CMakeFiles/CMakeTmp”


    Feature record: CXX_FEATURE:0cxx_aggregate_default_initializers
    Feature record: CXX_FEATURE:1cxx_alias_templates
    Feature record: CXX_FEATURE:1cxx_alignas
    Feature record: CXX_FEATURE:1cxx_alignof
    Feature record: CXX_FEATURE:1cxx_attributes
    Feature record: CXX_FEATURE:0cxx_attribute_deprecated
    Feature record: CXX_FEATURE:1cxx_auto_type
    Feature record: CXX_FEATURE:0cxx_binary_literals
    Feature record: CXX_FEATURE:1cxx_constexpr
    Feature record: CXX_FEATURE:0cxx_contextual_conversions
    Feature record: CXX_FEATURE:1cxx_decltype
    Feature record: CXX_FEATURE:0cxx_decltype_auto
    Feature record: CXX_FEATURE:1cxx_decltype_incomplete_return_types
    Feature record: CXX_FEATURE:1cxx_default_function_template_args
    Feature record: CXX_FEATURE:1cxx_defaulted_functions
    Feature record: CXX_FEATURE:1cxx_defaulted_move_initializers
    Feature record: CXX_FEATURE:1cxx_delegating_constructors
    Feature record: CXX_FEATURE:1cxx_deleted_functions
    Feature record: CXX_FEATURE:0cxx_digit_separators
    Feature record: CXX_FEATURE:1cxx_enum_forward_declarations
    Feature record: CXX_FEATURE:1cxx_explicit_conversions
    Feature record: CXX_FEATURE:1cxx_extended_friend_declarations
    Feature record: CXX_FEATURE:1cxx_extern_templates
    Feature record: CXX_FEATURE:1cxx_final
    Feature record: CXX_FEATURE:1cxx_func_identifier
    Feature record: CXX_FEATURE:1cxx_generalized_initializers
    Feature record: CXX_FEATURE:0cxx_generic_lambdas
    Feature record: CXX_FEATURE:1cxx_inheriting_constructors
    Feature record: CXX_FEATURE:1cxx_inline_namespaces
    Feature record: CXX_FEATURE:1cxx_lambdas
    Feature record: CXX_FEATURE:0cxx_lambda_init_captures
    Feature record: CXX_FEATURE:1cxx_local_type_template_args
    Feature record: CXX_FEATURE:1cxx_long_long_type
    Feature record: CXX_FEATURE:1cxx_noexcept
    Feature record: CXX_FEATURE:1cxx_nonstatic_member_init
    Feature record: CXX_FEATURE:1cxx_nullptr
    Feature record: CXX_FEATURE:1cxx_override
    Feature record: CXX_FEATURE:1cxx_range_for
    Feature record: CXX_FEATURE:1cxx_raw_string_literals
    Feature record: CXX_FEATURE:1cxx_reference_qualified_functions
    Feature record: CXX_FEATURE:0cxx_relaxed_constexpr
    Feature record: CXX_FEATURE:0cxx_return_type_deduction
    Feature record: CXX_FEATURE:1cxx_right_angle_brackets
    Feature record: CXX_FEATURE:1cxx_rvalue_references
    Feature record: CXX_FEATURE:1cxx_sizeof_member
    Feature record: CXX_FEATURE:1cxx_static_assert
    Feature record: CXX_FEATURE:1cxx_strong_enums
    Feature record: CXX_FEATURE:1cxx_template_template_parameters
    Feature record: CXX_FEATURE:1cxx_thread_local
    Feature record: CXX_FEATURE:1cxx_trailing_return_types
    Feature record: CXX_FEATURE:1cxx_unicode_literals
    Feature record: CXX_FEATURE:1cxx_uniform_initialization
    Feature record: CXX_FEATURE:1cxx_unrestricted_unions
    Feature record: CXX_FEATURE:1cxx_user_literals
    Feature record: CXX_FEATURE:0cxx_variable_templates
    Feature record: CXX_FEATURE:1cxx_variadic_macros
    Feature record: CXX_FEATURE:1cxx_variadic_templates


Detecting CXX [-std=c++98] compiler features compiled with the following output:
Change Dir: /home/pi/cmake-3.10.3/Paddle/PaddleLite-armlinux-demo/object_detection_demo/build/CMakeFiles/CMakeTmp

Run Build Command:"/usr/bin/make" "cmTC_387ad/fast"
/usr/bin/make -f CMakeFiles/cmTC_387ad.dir/build.make CMakeFiles/cmTC_387ad.dir/build
make[1]: 进入目录“/home/pi/cmake-3.10.3/Paddle/PaddleLite-armlinux-demo/object_detection_demo/build/CMakeFiles/CMakeTmp”
Building CXX object CMakeFiles/cmTC_387ad.dir/feature_tests.cxx.o
/usr/bin/arm-linux-gnueabihf-g++    -std=c++98 -o CMakeFiles/cmTC_387ad.dir/feature_tests.cxx.o -c /home/pi/cmake-3.10.3/Paddle/PaddleLite-armlinux-demo/object_detection_demo/build/CMakeFiles/feature_tests.cxx
Linking CXX executable cmTC_387ad
/usr/local/bin/cmake -E cmake_link_script CMakeFiles/cmTC_387ad.dir/link.txt --verbose=1
/usr/bin/arm-linux-gnueabihf-g++       CMakeFiles/cmTC_387ad.dir/feature_tests.cxx.o  -o cmTC_387ad 
make[1]: 离开目录“/home/pi/cmake-3.10.3/Paddle/PaddleLite-armlinux-demo/object_detection_demo/build/CMakeFiles/CMakeTmp”


    Feature record: CXX_FEATURE:0cxx_aggregate_default_initializers
    Feature record: CXX_FEATURE:0cxx_alias_templates
    Feature record: CXX_FEATURE:0cxx_alignas
    Feature record: CXX_FEATURE:0cxx_alignof
    Feature record: CXX_FEATURE:0cxx_attributes
    Feature record: CXX_FEATURE:0cxx_attribute_deprecated
    Feature record: CXX_FEATURE:0cxx_auto_type
    Feature record: CXX_FEATURE:0cxx_binary_literals
    Feature record: CXX_FEATURE:0cxx_constexpr
    Feature record: CXX_FEATURE:0cxx_contextual_conversions
    Feature record: CXX_FEATURE:0cxx_decltype
    Feature record: CXX_FEATURE:0cxx_decltype_auto
    Feature record: CXX_FEATURE:0cxx_decltype_incomplete_return_types
    Feature record: CXX_FEATURE:0cxx_default_function_template_args
    Feature record: CXX_FEATURE:0cxx_defaulted_functions
    Feature record: CXX_FEATURE:0cxx_defaulted_move_initializers
    Feature record: CXX_FEATURE:0cxx_delegating_constructors
    Feature record: CXX_FEATURE:0cxx_deleted_functions
    Feature record: CXX_FEATURE:0cxx_digit_separators
    Feature record: CXX_FEATURE:0cxx_enum_forward_declarations
    Feature record: CXX_FEATURE:0cxx_explicit_conversions
    Feature record: CXX_FEATURE:0cxx_extended_friend_declarations
    Feature record: CXX_FEATURE:0cxx_extern_templates
    Feature record: CXX_FEATURE:0cxx_final
    Feature record: CXX_FEATURE:0cxx_func_identifier
    Feature record: CXX_FEATURE:0cxx_generalized_initializers
    Feature record: CXX_FEATURE:0cxx_generic_lambdas
    Feature record: CXX_FEATURE:0cxx_inheriting_constructors
    Feature record: CXX_FEATURE:0cxx_inline_namespaces
    Feature record: CXX_FEATURE:0cxx_lambdas
    Feature record: CXX_FEATURE:0cxx_lambda_init_captures
    Feature record: CXX_FEATURE:0cxx_local_type_template_args
    Feature record: CXX_FEATURE:0cxx_long_long_type
    Feature record: CXX_FEATURE:0cxx_noexcept
    Feature record: CXX_FEATURE:0cxx_nonstatic_member_init
    Feature record: CXX_FEATURE:0cxx_nullptr
    Feature record: CXX_FEATURE:0cxx_override
    Feature record: CXX_FEATURE:0cxx_range_for
    Feature record: CXX_FEATURE:0cxx_raw_string_literals
    Feature record: CXX_FEATURE:0cxx_reference_qualified_functions
    Feature record: CXX_FEATURE:0cxx_relaxed_constexpr
    Feature record: CXX_FEATURE:0cxx_return_type_deduction
    Feature record: CXX_FEATURE:0cxx_right_angle_brackets
    Feature record: CXX_FEATURE:0cxx_rvalue_references
    Feature record: CXX_FEATURE:0cxx_sizeof_member
    Feature record: CXX_FEATURE:0cxx_static_assert
    Feature record: CXX_FEATURE:0cxx_strong_enums
    Feature record: CXX_FEATURE:1cxx_template_template_parameters
    Feature record: CXX_FEATURE:0cxx_thread_local
    Feature record: CXX_FEATURE:0cxx_trailing_return_types
    Feature record: CXX_FEATURE:0cxx_unicode_literals
    Feature record: CXX_FEATURE:0cxx_uniform_initialization
    Feature record: CXX_FEATURE:0cxx_unrestricted_unions
    Feature record: CXX_FEATURE:0cxx_user_literals
    Feature record: CXX_FEATURE:0cxx_variable_templates
    Feature record: CXX_FEATURE:0cxx_variadic_macros
    Feature record: CXX_FEATURE:0cxx_variadic_templates
Detecting C OpenMP compiler ABI info compiled with the following output:
Change Dir: /home/pi/cmake-3.10.3/Paddle/PaddleLite-armlinux-demo/object_detection_demo/build/CMakeFiles/CMakeTmp

Run Build Command:"/usr/bin/make" "cmTC_5b75b/fast"
/usr/bin/make -f CMakeFiles/cmTC_5b75b.dir/build.make CMakeFiles/cmTC_5b75b.dir/build
make[1]: 进入目录“/home/pi/cmake-3.10.3/Paddle/PaddleLite-armlinux-demo/object_detection_demo/build/CMakeFiles/CMakeTmp”
Building C object CMakeFiles/cmTC_5b75b.dir/OpenMPTryFlag.c.o
/usr/bin/arm-linux-gnueabihf-gcc   -march=armv7-a -mfloat-abi=hard -mfpu=neon-vfpv4  -fopenmp -v   -o CMakeFiles/cmTC_5b75b.dir/OpenMPTryFlag.c.o   -c /home/pi/cmake-3.10.3/Paddle/PaddleLite-armlinux-demo/object_detection_demo/build/CMakeFiles/FindOpenMP/OpenMPTryFlag.c
Using built-in specs.
COLLECT_GCC=/usr/bin/arm-linux-gnueabihf-gcc
Target: arm-linux-gnueabihf
Configured with: ../src/configure -v --with-pkgversion='Raspbian 8.3.0-6+rpi1' --with-bugurl=file:///usr/share/doc/gcc-8/README.Bugs --enable-languages=c,ada,c++,go,d,fortran,objc,obj-c++ --prefix=/usr --with-gcc-major-version-only --program-suffix=-8 --program-prefix=arm-linux-gnueabihf- --enable-shared --enable-linker-build-id --libexecdir=/usr/lib --without-included-gettext --enable-threads=posix --libdir=/usr/lib --enable-nls --enable-bootstrap --enable-clocale=gnu --enable-libstdcxx-debug --enable-libstdcxx-time=yes --with-default-libstdcxx-abi=new --enable-gnu-unique-object --disable-libitm --disable-libquadmath --disable-libquadmath-support --enable-plugin --with-system-zlib --with-target-system-zlib --enable-objc-gc=auto --enable-multiarch --disable-sjlj-exceptions --with-arch=armv6 --with-fpu=vfp --with-float=hard --disable-werror --enable-checking=release --build=arm-linux-gnueabihf --host=arm-linux-gnueabihf --target=arm-linux-gnueabihf
Thread model: posix
gcc version 8.3.0 (Raspbian 8.3.0-6+rpi1) 
COLLECT_GCC_OPTIONS= '-mfloat-abi=hard' '-mfpu=neon-vfpv4' '-fopenmp' '-v' '-o' 'CMakeFiles/cmTC_5b75b.dir/OpenMPTryFlag.c.o' '-c' '-mtls-dialect=gnu' '-marm' '-march=armv7-a+neon-vfpv4' '-pthread'
 /usr/lib/gcc/arm-linux-gnueabihf/8/cc1 -quiet -v -imultilib . -imultiarch arm-linux-gnueabihf -D_REENTRANT /home/pi/cmake-3.10.3/Paddle/PaddleLite-armlinux-demo/object_detection_demo/build/CMakeFiles/FindOpenMP/OpenMPTryFlag.c -quiet -dumpbase OpenMPTryFlag.c -mfloat-abi=hard -mfpu=neon-vfpv4 -mtls-dialect=gnu -marm -march=armv7-a+neon-vfpv4 -auxbase-strip CMakeFiles/cmTC_5b75b.dir/OpenMPTryFlag.c.o -version -fopenmp -o /tmp/ccuPKAji.s
GNU C17 (Raspbian 8.3.0-6+rpi1) version 8.3.0 (arm-linux-gnueabihf)
	compiled by GNU C version 8.3.0, GMP version 6.1.2, MPFR version 4.0.2, MPC version 1.1.0, isl version isl-0.20-GMP

GGC heuristics: --param ggc-min-expand=89 --param ggc-min-heapsize=111940
ignoring nonexistent directory "/usr/local/include/arm-linux-gnueabihf"
ignoring nonexistent directory "/usr/lib/gcc/arm-linux-gnueabihf/8/../../../../arm-linux-gnueabihf/include"
#include "..." search starts here:
#include <...> search starts here:
 /usr/lib/gcc/arm-linux-gnueabihf/8/include
 /usr/local/include
 /usr/lib/gcc/arm-linux-gnueabihf/8/include-fixed
 /usr/include/arm-linux-gnueabihf
 /usr/include
End of search list.
GNU C17 (Raspbian 8.3.0-6+rpi1) version 8.3.0 (arm-linux-gnueabihf)
	compiled by GNU C version 8.3.0, GMP version 6.1.2, MPFR version 4.0.2, MPC version 1.1.0, isl version isl-0.20-GMP

GGC heuristics: --param ggc-min-expand=89 --param ggc-min-heapsize=111940
Compiler executable checksum: bcc8c085e8c103b65550a3bb7c44a354
COLLECT_GCC_OPTIONS= '-mfloat-abi=hard' '-mfpu=neon-vfpv4' '-fopenmp' '-v' '-o' 'CMakeFiles/cmTC_5b75b.dir/OpenMPTryFlag.c.o' '-c' '-mtls-dialect=gnu' '-marm' '-march=armv7-a+neon-vfpv4' '-pthread'
 as -v -march=armv7-a -mfloat-abi=hard -mfpu=neon-vfpv4 -meabi=5 -o CMakeFiles/cmTC_5b75b.dir/OpenMPTryFlag.c.o /tmp/ccuPKAji.s
GNU assembler version 2.31.1 (arm-linux-gnueabihf) using BFD version (GNU Binutils for Raspbian) 2.31.1
COMPILER_PATH=/usr/lib/gcc/arm-linux-gnueabihf/8/:/usr/lib/gcc/arm-linux-gnueabihf/8/:/usr/lib/gcc/arm-linux-gnueabihf/:/usr/lib/gcc/arm-linux-gnueabihf/8/:/usr/lib/gcc/arm-linux-gnueabihf/
LIBRARY_PATH=/usr/lib/gcc/arm-linux-gnueabihf/8/:/usr/lib/gcc/arm-linux-gnueabihf/8/../../../arm-linux-gnueabihf/:/usr/lib/gcc/arm-linux-gnueabihf/8/../../../:/lib/arm-linux-gnueabihf/:/lib/:/usr/lib/arm-linux-gnueabihf/:/usr/lib/
COLLECT_GCC_OPTIONS= '-mfloat-abi=hard' '-mfpu=neon-vfpv4' '-fopenmp' '-v' '-o' 'CMakeFiles/cmTC_5b75b.dir/OpenMPTryFlag.c.o' '-c' '-mtls-dialect=gnu' '-marm' '-march=armv7-a+neon-vfpv4' '-pthread'
Linking C executable cmTC_5b75b
/usr/local/bin/cmake -E cmake_link_script CMakeFiles/cmTC_5b75b.dir/link.txt --verbose=1
/usr/bin/arm-linux-gnueabihf-gcc -march=armv7-a -mfloat-abi=hard -mfpu=neon-vfpv4  -fopenmp -v    CMakeFiles/cmTC_5b75b.dir/OpenMPTryFlag.c.o  -o cmTC_5b75b -v 
Using built-in specs.
COLLECT_GCC=/usr/bin/arm-linux-gnueabihf-gcc
COLLECT_LTO_WRAPPER=/usr/lib/gcc/arm-linux-gnueabihf/8/lto-wrapper
Target: arm-linux-gnueabihf
Configured with: ../src/configure -v --with-pkgversion='Raspbian 8.3.0-6+rpi1' --with-bugurl=file:///usr/share/doc/gcc-8/README.Bugs --enable-languages=c,ada,c++,go,d,fortran,objc,obj-c++ --prefix=/usr --with-gcc-major-version-only --program-suffix=-8 --program-prefix=arm-linux-gnueabihf- --enable-shared --enable-linker-build-id --libexecdir=/usr/lib --without-included-gettext --enable-threads=posix --libdir=/usr/lib --enable-nls --enable-bootstrap --enable-clocale=gnu --enable-libstdcxx-debug --enable-libstdcxx-time=yes --with-default-libstdcxx-abi=new --enable-gnu-unique-object --disable-libitm --disable-libquadmath --disable-libquadmath-support --enable-plugin --with-system-zlib --with-target-system-zlib --enable-objc-gc=auto --enable-multiarch --disable-sjlj-exceptions --with-arch=armv6 --with-fpu=vfp --with-float=hard --disable-werror --enable-checking=release --build=arm-linux-gnueabihf --host=arm-linux-gnueabihf --target=arm-linux-gnueabihf
Thread model: posix
gcc version 8.3.0 (Raspbian 8.3.0-6+rpi1) 
COMPILER_PATH=/usr/lib/gcc/arm-linux-gnueabihf/8/:/usr/lib/gcc/arm-linux-gnueabihf/8/:/usr/lib/gcc/arm-linux-gnueabihf/:/usr/lib/gcc/arm-linux-gnueabihf/8/:/usr/lib/gcc/arm-linux-gnueabihf/
LIBRARY_PATH=/usr/lib/gcc/arm-linux-gnueabihf/8/:/usr/lib/gcc/arm-linux-gnueabihf/8/../../../arm-linux-gnueabihf/:/usr/lib/gcc/arm-linux-gnueabihf/8/../../../:/lib/arm-linux-gnueabihf/:/lib/:/usr/lib/arm-linux-gnueabihf/:/usr/lib/
Reading specs from /usr/lib/gcc/arm-linux-gnueabihf/8/libgomp.spec
COLLECT_GCC_OPTIONS= '-mfloat-abi=hard' '-mfpu=neon-vfpv4' '-fopenmp' '-v' '-o' 'cmTC_5b75b' '-v' '-mtls-dialect=gnu' '-marm' '-march=armv7-a+neon-vfpv4' '-pthread'
 /usr/lib/gcc/arm-linux-gnueabihf/8/collect2 -plugin /usr/lib/gcc/arm-linux-gnueabihf/8/liblto_plugin.so -plugin-opt=/usr/lib/gcc/arm-linux-gnueabihf/8/lto-wrapper -plugin-opt=-fresolution=/tmp/ccZTmw8g.res -plugin-opt=-pass-through=-lgcc -plugin-opt=-pass-through=-lgcc_s -plugin-opt=-pass-through=-lpthread -plugin-opt=-pass-through=-lc -plugin-opt=-pass-through=-lgcc -plugin-opt=-pass-through=-lgcc_s --build-id --eh-frame-hdr -dynamic-linker /lib/ld-linux-armhf.so.3 -X --hash-style=gnu -m armelf_linux_eabi -o cmTC_5b75b /usr/lib/gcc/arm-linux-gnueabihf/8/../../../arm-linux-gnueabihf/crt1.o /usr/lib/gcc/arm-linux-gnueabihf/8/../../../arm-linux-gnueabihf/crti.o /usr/lib/gcc/arm-linux-gnueabihf/8/crtbegin.o -L/usr/lib/gcc/arm-linux-gnueabihf/8 -L/usr/lib/gcc/arm-linux-gnueabihf/8/../../../arm-linux-gnueabihf -L/usr/lib/gcc/arm-linux-gnueabihf/8/../../.. -L/lib/arm-linux-gnueabihf -L/usr/lib/arm-linux-gnueabihf CMakeFiles/cmTC_5b75b.dir/OpenMPTryFlag.c.o -lgomp -lgcc --push-state --as-needed -lgcc_s --pop-state -lpthread -lc -lgcc --push-state --as-needed -lgcc_s --pop-state /usr/lib/gcc/arm-linux-gnueabihf/8/crtend.o /usr/lib/gcc/arm-linux-gnueabihf/8/../../../arm-linux-gnueabihf/crtn.o
COLLECT_GCC_OPTIONS= '-mfloat-abi=hard' '-mfpu=neon-vfpv4' '-fopenmp' '-v' '-o' 'cmTC_5b75b' '-v' '-mtls-dialect=gnu' '-marm' '-march=armv7-a+neon-vfpv4' '-pthread'
make[1]: 离开目录“/home/pi/cmake-3.10.3/Paddle/PaddleLite-armlinux-demo/object_detection_demo/build/CMakeFiles/CMakeTmp”


Parsed C OpenMP implicit link information from above output:
  link line regex: [^( *|.*[/\])(arm-linux-gnueabihf-ld|CMAKE_LINK_STARTFILE-NOTFOUND|([^/\]+-)?ld|collect2)[^/\]*( |$)]
  ignore line: [Change Dir: /home/pi/cmake-3.10.3/Paddle/PaddleLite-armlinux-demo/object_detection_demo/build/CMakeFiles/CMakeTmp]
  ignore line: []
  ignore line: [Run Build Command:"/usr/bin/make" "cmTC_5b75b/fast"]
  ignore line: [/usr/bin/make -f CMakeFiles/cmTC_5b75b.dir/build.make CMakeFiles/cmTC_5b75b.dir/build]
  ignore line: [make[1]: 进入目录“/home/pi/cmake-3.10.3/Paddle/PaddleLite-armlinux-demo/object_detection_demo/build/CMakeFiles/CMakeTmp”]
  ignore line: [Building C object CMakeFiles/cmTC_5b75b.dir/OpenMPTryFlag.c.o]
  ignore line: [/usr/bin/arm-linux-gnueabihf-gcc   -march=armv7-a -mfloat-abi=hard -mfpu=neon-vfpv4  -fopenmp -v   -o CMakeFiles/cmTC_5b75b.dir/OpenMPTryFlag.c.o   -c /home/pi/cmake-3.10.3/Paddle/PaddleLite-armlinux-demo/object_detection_demo/build/CMakeFiles/FindOpenMP/OpenMPTryFlag.c]
  ignore line: [Using built-in specs.]
  ignore line: [COLLECT_GCC=/usr/bin/arm-linux-gnueabihf-gcc]
  ignore line: [Target: arm-linux-gnueabihf]
  ignore line: [Configured with: ../src/configure -v --with-pkgversion='Raspbian 8.3.0-6+rpi1' --with-bugurl=file:///usr/share/doc/gcc-8/README.Bugs --enable-languages=c,ada,c++,go,d,fortran,objc,obj-c++ --prefix=/usr --with-gcc-major-version-only --program-suffix=-8 --program-prefix=arm-linux-gnueabihf- --enable-shared --enable-linker-build-id --libexecdir=/usr/lib --without-included-gettext --enable-threads=posix --libdir=/usr/lib --enable-nls --enable-bootstrap --enable-clocale=gnu --enable-libstdcxx-debug --enable-libstdcxx-time=yes --with-default-libstdcxx-abi=new --enable-gnu-unique-object --disable-libitm --disable-libquadmath --disable-libquadmath-support --enable-plugin --with-system-zlib --with-target-system-zlib --enable-objc-gc=auto --enable-multiarch --disable-sjlj-exceptions --with-arch=armv6 --with-fpu=vfp --with-float=hard --disable-werror --enable-checking=release --build=arm-linux-gnueabihf --host=arm-linux-gnueabihf --target=arm-linux-gnueabihf]
  ignore line: [Thread model: posix]
  ignore line: [gcc version 8.3.0 (Raspbian 8.3.0-6+rpi1) ]
  ignore line: [COLLECT_GCC_OPTIONS= '-mfloat-abi=hard' '-mfpu=neon-vfpv4' '-fopenmp' '-v' '-o' 'CMakeFiles/cmTC_5b75b.dir/OpenMPTryFlag.c.o' '-c' '-mtls-dialect=gnu' '-marm' '-march=armv7-a+neon-vfpv4' '-pthread']
  ignore line: [ /usr/lib/gcc/arm-linux-gnueabihf/8/cc1 -quiet -v -imultilib . -imultiarch arm-linux-gnueabihf -D_REENTRANT /home/pi/cmake-3.10.3/Paddle/PaddleLite-armlinux-demo/object_detection_demo/build/CMakeFiles/FindOpenMP/OpenMPTryFlag.c -quiet -dumpbase OpenMPTryFlag.c -mfloat-abi=hard -mfpu=neon-vfpv4 -mtls-dialect=gnu -marm -march=armv7-a+neon-vfpv4 -auxbase-strip CMakeFiles/cmTC_5b75b.dir/OpenMPTryFlag.c.o -version -fopenmp -o /tmp/ccuPKAji.s]
  ignore line: [GNU C17 (Raspbian 8.3.0-6+rpi1) version 8.3.0 (arm-linux-gnueabihf)]
  ignore line: [	compiled by GNU C version 8.3.0, GMP version 6.1.2, MPFR version 4.0.2, MPC version 1.1.0, isl version isl-0.20-GMP]
  ignore line: []
  ignore line: [GGC heuristics: --param ggc-min-expand=89 --param ggc-min-heapsize=111940]
  ignore line: [ignoring nonexistent directory "/usr/local/include/arm-linux-gnueabihf"]
  ignore line: [ignoring nonexistent directory "/usr/lib/gcc/arm-linux-gnueabihf/8/../../../../arm-linux-gnueabihf/include"]
  ignore line: [#include "..." search starts here:]
  ignore line: [#include <...> search starts here:]
  ignore line: [ /usr/lib/gcc/arm-linux-gnueabihf/8/include]
  ignore line: [ /usr/local/include]
  ignore line: [ /usr/lib/gcc/arm-linux-gnueabihf/8/include-fixed]
  ignore line: [ /usr/include/arm-linux-gnueabihf]
  ignore line: [ /usr/include]
  ignore line: [End of search list.]
  ignore line: [GNU C17 (Raspbian 8.3.0-6+rpi1) version 8.3.0 (arm-linux-gnueabihf)]
  ignore line: [	compiled by GNU C version 8.3.0, GMP version 6.1.2, MPFR version 4.0.2, MPC version 1.1.0, isl version isl-0.20-GMP]
  ignore line: []
  ignore line: [GGC heuristics: --param ggc-min-expand=89 --param ggc-min-heapsize=111940]
  ignore line: [Compiler executable checksum: bcc8c085e8c103b65550a3bb7c44a354]
  ignore line: [COLLECT_GCC_OPTIONS= '-mfloat-abi=hard' '-mfpu=neon-vfpv4' '-fopenmp' '-v' '-o' 'CMakeFiles/cmTC_5b75b.dir/OpenMPTryFlag.c.o' '-c' '-mtls-dialect=gnu' '-marm' '-march=armv7-a+neon-vfpv4' '-pthread']
  ignore line: [ as -v -march=armv7-a -mfloat-abi=hard -mfpu=neon-vfpv4 -meabi=5 -o CMakeFiles/cmTC_5b75b.dir/OpenMPTryFlag.c.o /tmp/ccuPKAji.s]
  ignore line: [GNU assembler version 2.31.1 (arm-linux-gnueabihf) using BFD version (GNU Binutils for Raspbian) 2.31.1]
  ignore line: [COMPILER_PATH=/usr/lib/gcc/arm-linux-gnueabihf/8/:/usr/lib/gcc/arm-linux-gnueabihf/8/:/usr/lib/gcc/arm-linux-gnueabihf/:/usr/lib/gcc/arm-linux-gnueabihf/8/:/usr/lib/gcc/arm-linux-gnueabihf/]
  ignore line: [LIBRARY_PATH=/usr/lib/gcc/arm-linux-gnueabihf/8/:/usr/lib/gcc/arm-linux-gnueabihf/8/../../../arm-linux-gnueabihf/:/usr/lib/gcc/arm-linux-gnueabihf/8/../../../:/lib/arm-linux-gnueabihf/:/lib/:/usr/lib/arm-linux-gnueabihf/:/usr/lib/]
  ignore line: [COLLECT_GCC_OPTIONS= '-mfloat-abi=hard' '-mfpu=neon-vfpv4' '-fopenmp' '-v' '-o' 'CMakeFiles/cmTC_5b75b.dir/OpenMPTryFlag.c.o' '-c' '-mtls-dialect=gnu' '-marm' '-march=armv7-a+neon-vfpv4' '-pthread']
  ignore line: [Linking C executable cmTC_5b75b]
  ignore line: [/usr/local/bin/cmake -E cmake_link_script CMakeFiles/cmTC_5b75b.dir/link.txt --verbose=1]
  ignore line: [/usr/bin/arm-linux-gnueabihf-gcc -march=armv7-a -mfloat-abi=hard -mfpu=neon-vfpv4  -fopenmp -v    CMakeFiles/cmTC_5b75b.dir/OpenMPTryFlag.c.o  -o cmTC_5b75b -v ]
  ignore line: [Using built-in specs.]
  ignore line: [COLLECT_GCC=/usr/bin/arm-linux-gnueabihf-gcc]
  ignore line: [COLLECT_LTO_WRAPPER=/usr/lib/gcc/arm-linux-gnueabihf/8/lto-wrapper]
  ignore line: [Target: arm-linux-gnueabihf]
  ignore line: [Configured with: ../src/configure -v --with-pkgversion='Raspbian 8.3.0-6+rpi1' --with-bugurl=file:///usr/share/doc/gcc-8/README.Bugs --enable-languages=c,ada,c++,go,d,fortran,objc,obj-c++ --prefix=/usr --with-gcc-major-version-only --program-suffix=-8 --program-prefix=arm-linux-gnueabihf- --enable-shared --enable-linker-build-id --libexecdir=/usr/lib --without-included-gettext --enable-threads=posix --libdir=/usr/lib --enable-nls --enable-bootstrap --enable-clocale=gnu --enable-libstdcxx-debug --enable-libstdcxx-time=yes --with-default-libstdcxx-abi=new --enable-gnu-unique-object --disable-libitm --disable-libquadmath --disable-libquadmath-support --enable-plugin --with-system-zlib --with-target-system-zlib --enable-objc-gc=auto --enable-multiarch --disable-sjlj-exceptions --with-arch=armv6 --with-fpu=vfp --with-float=hard --disable-werror --enable-checking=release --build=arm-linux-gnueabihf --host=arm-linux-gnueabihf --target=arm-linux-gnueabihf]
  ignore line: [Thread model: posix]
  ignore line: [gcc version 8.3.0 (Raspbian 8.3.0-6+rpi1) ]
  ignore line: [COMPILER_PATH=/usr/lib/gcc/arm-linux-gnueabihf/8/:/usr/lib/gcc/arm-linux-gnueabihf/8/:/usr/lib/gcc/arm-linux-gnueabihf/:/usr/lib/gcc/arm-linux-gnueabihf/8/:/usr/lib/gcc/arm-linux-gnueabihf/]
  ignore line: [LIBRARY_PATH=/usr/lib/gcc/arm-linux-gnueabihf/8/:/usr/lib/gcc/arm-linux-gnueabihf/8/../../../arm-linux-gnueabihf/:/usr/lib/gcc/arm-linux-gnueabihf/8/../../../:/lib/arm-linux-gnueabihf/:/lib/:/usr/lib/arm-linux-gnueabihf/:/usr/lib/]
  ignore line: [Reading specs from /usr/lib/gcc/arm-linux-gnueabihf/8/libgomp.spec]
  ignore line: [COLLECT_GCC_OPTIONS= '-mfloat-abi=hard' '-mfpu=neon-vfpv4' '-fopenmp' '-v' '-o' 'cmTC_5b75b' '-v' '-mtls-dialect=gnu' '-marm' '-march=armv7-a+neon-vfpv4' '-pthread']
  link line: [ /usr/lib/gcc/arm-linux-gnueabihf/8/collect2 -plugin /usr/lib/gcc/arm-linux-gnueabihf/8/liblto_plugin.so -plugin-opt=/usr/lib/gcc/arm-linux-gnueabihf/8/lto-wrapper -plugin-opt=-fresolution=/tmp/ccZTmw8g.res -plugin-opt=-pass-through=-lgcc -plugin-opt=-pass-through=-lgcc_s -plugin-opt=-pass-through=-lpthread -plugin-opt=-pass-through=-lc -plugin-opt=-pass-through=-lgcc -plugin-opt=-pass-through=-lgcc_s --build-id --eh-frame-hdr -dynamic-linker /lib/ld-linux-armhf.so.3 -X --hash-style=gnu -m armelf_linux_eabi -o cmTC_5b75b /usr/lib/gcc/arm-linux-gnueabihf/8/../../../arm-linux-gnueabihf/crt1.o /usr/lib/gcc/arm-linux-gnueabihf/8/../../../arm-linux-gnueabihf/crti.o /usr/lib/gcc/arm-linux-gnueabihf/8/crtbegin.o -L/usr/lib/gcc/arm-linux-gnueabihf/8 -L/usr/lib/gcc/arm-linux-gnueabihf/8/../../../arm-linux-gnueabihf -L/usr/lib/gcc/arm-linux-gnueabihf/8/../../.. -L/lib/arm-linux-gnueabihf -L/usr/lib/arm-linux-gnueabihf CMakeFiles/cmTC_5b75b.dir/OpenMPTryFlag.c.o -lgomp -lgcc --push-state --as-needed -lgcc_s --pop-state -lpthread -lc -lgcc --push-state --as-needed -lgcc_s --pop-state /usr/lib/gcc/arm-linux-gnueabihf/8/crtend.o /usr/lib/gcc/arm-linux-gnueabihf/8/../../../arm-linux-gnueabihf/crtn.o]
    arg [/usr/lib/gcc/arm-linux-gnueabihf/8/collect2] ==> ignore
    arg [-plugin] ==> ignore
    arg [/usr/lib/gcc/arm-linux-gnueabihf/8/liblto_plugin.so] ==> ignore
    arg [-plugin-opt=/usr/lib/gcc/arm-linux-gnueabihf/8/lto-wrapper] ==> ignore
    arg [-plugin-opt=-fresolution=/tmp/ccZTmw8g.res] ==> ignore
    arg [-plugin-opt=-pass-through=-lgcc] ==> ignore
    arg [-plugin-opt=-pass-through=-lgcc_s] ==> ignore
    arg [-plugin-opt=-pass-through=-lpthread] ==> ignore
    arg [-plugin-opt=-pass-through=-lc] ==> ignore
    arg [-plugin-opt=-pass-through=-lgcc] ==> ignore
    arg [-plugin-opt=-pass-through=-lgcc_s] ==> ignore
    arg [--build-id] ==> ignore
    arg [--eh-frame-hdr] ==> ignore
    arg [-dynamic-linker] ==> ignore
    arg [/lib/ld-linux-armhf.so.3] ==> ignore
    arg [-X] ==> ignore
    arg [--hash-style=gnu] ==> ignore
    arg [-m] ==> ignore
    arg [armelf_linux_eabi] ==> ignore
    arg [-o] ==> ignore
    arg [cmTC_5b75b] ==> ignore
    arg [/usr/lib/gcc/arm-linux-gnueabihf/8/../../../arm-linux-gnueabihf/crt1.o] ==> ignore
    arg [/usr/lib/gcc/arm-linux-gnueabihf/8/../../../arm-linux-gnueabihf/crti.o] ==> ignore
    arg [/usr/lib/gcc/arm-linux-gnueabihf/8/crtbegin.o] ==> ignore
    arg [-L/usr/lib/gcc/arm-linux-gnueabihf/8] ==> dir [/usr/lib/gcc/arm-linux-gnueabihf/8]
    arg [-L/usr/lib/gcc/arm-linux-gnueabihf/8/../../../arm-linux-gnueabihf] ==> dir [/usr/lib/gcc/arm-linux-gnueabihf/8/../../../arm-linux-gnueabihf]
    arg [-L/usr/lib/gcc/arm-linux-gnueabihf/8/../../..] ==> dir [/usr/lib/gcc/arm-linux-gnueabihf/8/../../..]
    arg [-L/lib/arm-linux-gnueabihf] ==> dir [/lib/arm-linux-gnueabihf]
    arg [-L/usr/lib/arm-linux-gnueabihf] ==> dir [/usr/lib/arm-linux-gnueabihf]
    arg [CMakeFiles/cmTC_5b75b.dir/OpenMPTryFlag.c.o] ==> ignore
    arg [-lgomp] ==> lib [gomp]
    arg [-lgcc] ==> lib [gcc]
    arg [--push-state] ==> ignore
    arg [--as-needed] ==> ignore
    arg [-lgcc_s] ==> lib [gcc_s]
    arg [--pop-state] ==> ignore
    arg [-lpthread] ==> lib [pthread]
    arg [-lc] ==> lib [c]
    arg [-lgcc] ==> lib [gcc]
    arg [--push-state] ==> ignore
    arg [--as-needed] ==> ignore
    arg [-lgcc_s] ==> lib [gcc_s]
    arg [--pop-state] ==> ignore
    arg [/usr/lib/gcc/arm-linux-gnueabihf/8/crtend.o] ==> ignore
    arg [/usr/lib/gcc/arm-linux-gnueabihf/8/../../../arm-linux-gnueabihf/crtn.o] ==> ignore
  collapse library dir [/usr/lib/gcc/arm-linux-gnueabihf/8] ==> [/usr/lib/gcc/arm-linux-gnueabihf/8]
  collapse library dir [/usr/lib/gcc/arm-linux-gnueabihf/8/../../../arm-linux-gnueabihf] ==> [/usr/lib/arm-linux-gnueabihf]
  collapse library dir [/usr/lib/gcc/arm-linux-gnueabihf/8/../../..] ==> [/usr/lib]
  collapse library dir [/lib/arm-linux-gnueabihf] ==> [/lib/arm-linux-gnueabihf]
  collapse library dir [/usr/lib/arm-linux-gnueabihf] ==> [/usr/lib/arm-linux-gnueabihf]
  implicit libs: [gomp;gcc;gcc_s;pthread;c;gcc;gcc_s]
  implicit dirs: [/usr/lib/gcc/arm-linux-gnueabihf/8;/usr/lib/arm-linux-gnueabihf;/usr/lib;/lib/arm-linux-gnueabihf]
  implicit fwks: []


Detecting CXX OpenMP compiler ABI info compiled with the following output:
Change Dir: /home/pi/cmake-3.10.3/Paddle/PaddleLite-armlinux-demo/object_detection_demo/build/CMakeFiles/CMakeTmp

Run Build Command:"/usr/bin/make" "cmTC_cc601/fast"
/usr/bin/make -f CMakeFiles/cmTC_cc601.dir/build.make CMakeFiles/cmTC_cc601.dir/build
make[1]: 进入目录“/home/pi/cmake-3.10.3/Paddle/PaddleLite-armlinux-demo/object_detection_demo/build/CMakeFiles/CMakeTmp”
Building CXX object CMakeFiles/cmTC_cc601.dir/OpenMPTryFlag.cpp.o
/usr/bin/arm-linux-gnueabihf-g++    -march=armv7-a -mfloat-abi=hard -mfpu=neon-vfpv4  -std=c++11 -fopenmp -v   -o CMakeFiles/cmTC_cc601.dir/OpenMPTryFlag.cpp.o -c /home/pi/cmake-3.10.3/Paddle/PaddleLite-armlinux-demo/object_detection_demo/build/CMakeFiles/FindOpenMP/OpenMPTryFlag.cpp
Using built-in specs.
COLLECT_GCC=/usr/bin/arm-linux-gnueabihf-g++
Target: arm-linux-gnueabihf
Configured with: ../src/configure -v --with-pkgversion='Raspbian 8.3.0-6+rpi1' --with-bugurl=file:///usr/share/doc/gcc-8/README.Bugs --enable-languages=c,ada,c++,go,d,fortran,objc,obj-c++ --prefix=/usr --with-gcc-major-version-only --program-suffix=-8 --program-prefix=arm-linux-gnueabihf- --enable-shared --enable-linker-build-id --libexecdir=/usr/lib --without-included-gettext --enable-threads=posix --libdir=/usr/lib --enable-nls --enable-bootstrap --enable-clocale=gnu --enable-libstdcxx-debug --enable-libstdcxx-time=yes --with-default-libstdcxx-abi=new --enable-gnu-unique-object --disable-libitm --disable-libquadmath --disable-libquadmath-support --enable-plugin --with-system-zlib --with-target-system-zlib --enable-objc-gc=auto --enable-multiarch --disable-sjlj-exceptions --with-arch=armv6 --with-fpu=vfp --with-float=hard --disable-werror --enable-checking=release --build=arm-linux-gnueabihf --host=arm-linux-gnueabihf --target=arm-linux-gnueabihf
Thread model: posix
gcc version 8.3.0 (Raspbian 8.3.0-6+rpi1) 
COLLECT_GCC_OPTIONS= '-mfloat-abi=hard' '-mfpu=neon-vfpv4' '-std=c++11' '-fopenmp' '-v' '-o' 'CMakeFiles/cmTC_cc601.dir/OpenMPTryFlag.cpp.o' '-c' '-shared-libgcc' '-mtls-dialect=gnu' '-marm' '-march=armv7-a+neon-vfpv4' '-pthread'
 /usr/lib/gcc/arm-linux-gnueabihf/8/cc1plus -quiet -v -imultilib . -imultiarch arm-linux-gnueabihf -D_GNU_SOURCE -D_REENTRANT /home/pi/cmake-3.10.3/Paddle/PaddleLite-armlinux-demo/object_detection_demo/build/CMakeFiles/FindOpenMP/OpenMPTryFlag.cpp -quiet -dumpbase OpenMPTryFlag.cpp -mfloat-abi=hard -mfpu=neon-vfpv4 -mtls-dialect=gnu -marm -march=armv7-a+neon-vfpv4 -auxbase-strip CMakeFiles/cmTC_cc601.dir/OpenMPTryFlag.cpp.o -std=c++11 -version -fopenmp -o /tmp/ccoQjKaL.s
GNU C++11 (Raspbian 8.3.0-6+rpi1) version 8.3.0 (arm-linux-gnueabihf)
	compiled by GNU C version 8.3.0, GMP version 6.1.2, MPFR version 4.0.2, MPC version 1.1.0, isl version isl-0.20-GMP

GGC heuristics: --param ggc-min-expand=89 --param ggc-min-heapsize=111940
ignoring duplicate directory "/usr/include/arm-linux-gnueabihf/c++/8"
ignoring nonexistent directory "/usr/local/include/arm-linux-gnueabihf"
ignoring nonexistent directory "/usr/lib/gcc/arm-linux-gnueabihf/8/../../../../arm-linux-gnueabihf/include"
#include "..." search starts here:
#include <...> search starts here:
 /usr/include/c++/8
 /usr/include/arm-linux-gnueabihf/c++/8
 /usr/include/c++/8/backward
 /usr/lib/gcc/arm-linux-gnueabihf/8/include
 /usr/local/include
 /usr/lib/gcc/arm-linux-gnueabihf/8/include-fixed
 /usr/include/arm-linux-gnueabihf
 /usr/include
End of search list.
GNU C++11 (Raspbian 8.3.0-6+rpi1) version 8.3.0 (arm-linux-gnueabihf)
	compiled by GNU C version 8.3.0, GMP version 6.1.2, MPFR version 4.0.2, MPC version 1.1.0, isl version isl-0.20-GMP

GGC heuristics: --param ggc-min-expand=89 --param ggc-min-heapsize=111940
Compiler executable checksum: 7defdc925cf5fede452fc531d54623d1
COLLECT_GCC_OPTIONS= '-mfloat-abi=hard' '-mfpu=neon-vfpv4' '-std=c++11' '-fopenmp' '-v' '-o' 'CMakeFiles/cmTC_cc601.dir/OpenMPTryFlag.cpp.o' '-c' '-shared-libgcc' '-mtls-dialect=gnu' '-marm' '-march=armv7-a+neon-vfpv4' '-pthread'
 as -v -march=armv7-a -mfloat-abi=hard -mfpu=neon-vfpv4 -meabi=5 -o CMakeFiles/cmTC_cc601.dir/OpenMPTryFlag.cpp.o /tmp/ccoQjKaL.s
GNU assembler version 2.31.1 (arm-linux-gnueabihf) using BFD version (GNU Binutils for Raspbian) 2.31.1
COMPILER_PATH=/usr/lib/gcc/arm-linux-gnueabihf/8/:/usr/lib/gcc/arm-linux-gnueabihf/8/:/usr/lib/gcc/arm-linux-gnueabihf/:/usr/lib/gcc/arm-linux-gnueabihf/8/:/usr/lib/gcc/arm-linux-gnueabihf/
LIBRARY_PATH=/usr/lib/gcc/arm-linux-gnueabihf/8/:/usr/lib/gcc/arm-linux-gnueabihf/8/../../../arm-linux-gnueabihf/:/usr/lib/gcc/arm-linux-gnueabihf/8/../../../:/lib/arm-linux-gnueabihf/:/lib/:/usr/lib/arm-linux-gnueabihf/:/usr/lib/
COLLECT_GCC_OPTIONS= '-mfloat-abi=hard' '-mfpu=neon-vfpv4' '-std=c++11' '-fopenmp' '-v' '-o' 'CMakeFiles/cmTC_cc601.dir/OpenMPTryFlag.cpp.o' '-c' '-shared-libgcc' '-mtls-dialect=gnu' '-marm' '-march=armv7-a+neon-vfpv4' '-pthread'
Linking CXX executable cmTC_cc601
/usr/local/bin/cmake -E cmake_link_script CMakeFiles/cmTC_cc601.dir/link.txt --verbose=1
/usr/bin/arm-linux-gnueabihf-g++  -march=armv7-a -mfloat-abi=hard -mfpu=neon-vfpv4  -std=c++11 -fopenmp -v    CMakeFiles/cmTC_cc601.dir/OpenMPTryFlag.cpp.o  -o cmTC_cc601 -v 
Using built-in specs.
COLLECT_GCC=/usr/bin/arm-linux-gnueabihf-g++
COLLECT_LTO_WRAPPER=/usr/lib/gcc/arm-linux-gnueabihf/8/lto-wrapper
Target: arm-linux-gnueabihf
Configured with: ../src/configure -v --with-pkgversion='Raspbian 8.3.0-6+rpi1' --with-bugurl=file:///usr/share/doc/gcc-8/README.Bugs --enable-languages=c,ada,c++,go,d,fortran,objc,obj-c++ --prefix=/usr --with-gcc-major-version-only --program-suffix=-8 --program-prefix=arm-linux-gnueabihf- --enable-shared --enable-linker-build-id --libexecdir=/usr/lib --without-included-gettext --enable-threads=posix --libdir=/usr/lib --enable-nls --enable-bootstrap --enable-clocale=gnu --enable-libstdcxx-debug --enable-libstdcxx-time=yes --with-default-libstdcxx-abi=new --enable-gnu-unique-object --disable-libitm --disable-libquadmath --disable-libquadmath-support --enable-plugin --with-system-zlib --with-target-system-zlib --enable-objc-gc=auto --enable-multiarch --disable-sjlj-exceptions --with-arch=armv6 --with-fpu=vfp --with-float=hard --disable-werror --enable-checking=release --build=arm-linux-gnueabihf --host=arm-linux-gnueabihf --target=arm-linux-gnueabihf
Thread model: posix
gcc version 8.3.0 (Raspbian 8.3.0-6+rpi1) 
COMPILER_PATH=/usr/lib/gcc/arm-linux-gnueabihf/8/:/usr/lib/gcc/arm-linux-gnueabihf/8/:/usr/lib/gcc/arm-linux-gnueabihf/:/usr/lib/gcc/arm-linux-gnueabihf/8/:/usr/lib/gcc/arm-linux-gnueabihf/
LIBRARY_PATH=/usr/lib/gcc/arm-linux-gnueabihf/8/:/usr/lib/gcc/arm-linux-gnueabihf/8/../../../arm-linux-gnueabihf/:/usr/lib/gcc/arm-linux-gnueabihf/8/../../../:/lib/arm-linux-gnueabihf/:/lib/:/usr/lib/arm-linux-gnueabihf/:/usr/lib/
Reading specs from /usr/lib/gcc/arm-linux-gnueabihf/8/libgomp.spec
COLLECT_GCC_OPTIONS= '-mfloat-abi=hard' '-mfpu=neon-vfpv4' '-std=c++11' '-fopenmp' '-v' '-o' 'cmTC_cc601' '-v' '-shared-libgcc' '-mtls-dialect=gnu' '-marm' '-march=armv7-a+neon-vfpv4' '-pthread'
 /usr/lib/gcc/arm-linux-gnueabihf/8/collect2 -plugin /usr/lib/gcc/arm-linux-gnueabihf/8/liblto_plugin.so -plugin-opt=/usr/lib/gcc/arm-linux-gnueabihf/8/lto-wrapper -plugin-opt=-fresolution=/tmp/ccoLCQYT.res -plugin-opt=-pass-through=-lgcc_s -plugin-opt=-pass-through=-lgcc -plugin-opt=-pass-through=-lpthread -plugin-opt=-pass-through=-lc -plugin-opt=-pass-through=-lgcc_s -plugin-opt=-pass-through=-lgcc --build-id --eh-frame-hdr -dynamic-linker /lib/ld-linux-armhf.so.3 -X --hash-style=gnu -m armelf_linux_eabi -o cmTC_cc601 /usr/lib/gcc/arm-linux-gnueabihf/8/../../../arm-linux-gnueabihf/crt1.o /usr/lib/gcc/arm-linux-gnueabihf/8/../../../arm-linux-gnueabihf/crti.o /usr/lib/gcc/arm-linux-gnueabihf/8/crtbegin.o -L/usr/lib/gcc/arm-linux-gnueabihf/8 -L/usr/lib/gcc/arm-linux-gnueabihf/8/../../../arm-linux-gnueabihf -L/usr/lib/gcc/arm-linux-gnueabihf/8/../../.. -L/lib/arm-linux-gnueabihf -L/usr/lib/arm-linux-gnueabihf CMakeFiles/cmTC_cc601.dir/OpenMPTryFlag.cpp.o -lstdc++ -lm -lgomp -lgcc_s -lgcc -lpthread -lc -lgcc_s -lgcc /usr/lib/gcc/arm-linux-gnueabihf/8/crtend.o /usr/lib/gcc/arm-linux-gnueabihf/8/../../../arm-linux-gnueabihf/crtn.o
COLLECT_GCC_OPTIONS= '-mfloat-abi=hard' '-mfpu=neon-vfpv4' '-std=c++11' '-fopenmp' '-v' '-o' 'cmTC_cc601' '-v' '-shared-libgcc' '-mtls-dialect=gnu' '-marm' '-march=armv7-a+neon-vfpv4' '-pthread'
make[1]: 离开目录“/home/pi/cmake-3.10.3/Paddle/PaddleLite-armlinux-demo/object_detection_demo/build/CMakeFiles/CMakeTmp”


Parsed CXX OpenMP implicit link information from above output:
  link line regex: [^( *|.*[/\])(arm-linux-gnueabihf-ld|CMAKE_LINK_STARTFILE-NOTFOUND|([^/\]+-)?ld|collect2)[^/\]*( |$)]
  ignore line: [Change Dir: /home/pi/cmake-3.10.3/Paddle/PaddleLite-armlinux-demo/object_detection_demo/build/CMakeFiles/CMakeTmp]
  ignore line: []
  ignore line: [Run Build Command:"/usr/bin/make" "cmTC_cc601/fast"]
  ignore line: [/usr/bin/make -f CMakeFiles/cmTC_cc601.dir/build.make CMakeFiles/cmTC_cc601.dir/build]
  ignore line: [make[1]: 进入目录“/home/pi/cmake-3.10.3/Paddle/PaddleLite-armlinux-demo/object_detection_demo/build/CMakeFiles/CMakeTmp”]
  ignore line: [Building CXX object CMakeFiles/cmTC_cc601.dir/OpenMPTryFlag.cpp.o]
  ignore line: [/usr/bin/arm-linux-gnueabihf-g++    -march=armv7-a -mfloat-abi=hard -mfpu=neon-vfpv4  -std=c++11 -fopenmp -v   -o CMakeFiles/cmTC_cc601.dir/OpenMPTryFlag.cpp.o -c /home/pi/cmake-3.10.3/Paddle/PaddleLite-armlinux-demo/object_detection_demo/build/CMakeFiles/FindOpenMP/OpenMPTryFlag.cpp]
  ignore line: [Using built-in specs.]
  ignore line: [COLLECT_GCC=/usr/bin/arm-linux-gnueabihf-g++]
  ignore line: [Target: arm-linux-gnueabihf]
  ignore line: [Configured with: ../src/configure -v --with-pkgversion='Raspbian 8.3.0-6+rpi1' --with-bugurl=file:///usr/share/doc/gcc-8/README.Bugs --enable-languages=c,ada,c++,go,d,fortran,objc,obj-c++ --prefix=/usr --with-gcc-major-version-only --program-suffix=-8 --program-prefix=arm-linux-gnueabihf- --enable-shared --enable-linker-build-id --libexecdir=/usr/lib --without-included-gettext --enable-threads=posix --libdir=/usr/lib --enable-nls --enable-bootstrap --enable-clocale=gnu --enable-libstdcxx-debug --enable-libstdcxx-time=yes --with-default-libstdcxx-abi=new --enable-gnu-unique-object --disable-libitm --disable-libquadmath --disable-libquadmath-support --enable-plugin --with-system-zlib --with-target-system-zlib --enable-objc-gc=auto --enable-multiarch --disable-sjlj-exceptions --with-arch=armv6 --with-fpu=vfp --with-float=hard --disable-werror --enable-checking=release --build=arm-linux-gnueabihf --host=arm-linux-gnueabihf --target=arm-linux-gnueabihf]
  ignore line: [Thread model: posix]
  ignore line: [gcc version 8.3.0 (Raspbian 8.3.0-6+rpi1) ]
  ignore line: [COLLECT_GCC_OPTIONS= '-mfloat-abi=hard' '-mfpu=neon-vfpv4' '-std=c++11' '-fopenmp' '-v' '-o' 'CMakeFiles/cmTC_cc601.dir/OpenMPTryFlag.cpp.o' '-c' '-shared-libgcc' '-mtls-dialect=gnu' '-marm' '-march=armv7-a+neon-vfpv4' '-pthread']
  ignore line: [ /usr/lib/gcc/arm-linux-gnueabihf/8/cc1plus -quiet -v -imultilib . -imultiarch arm-linux-gnueabihf -D_GNU_SOURCE -D_REENTRANT /home/pi/cmake-3.10.3/Paddle/PaddleLite-armlinux-demo/object_detection_demo/build/CMakeFiles/FindOpenMP/OpenMPTryFlag.cpp -quiet -dumpbase OpenMPTryFlag.cpp -mfloat-abi=hard -mfpu=neon-vfpv4 -mtls-dialect=gnu -marm -march=armv7-a+neon-vfpv4 -auxbase-strip CMakeFiles/cmTC_cc601.dir/OpenMPTryFlag.cpp.o -std=c++11 -version -fopenmp -o /tmp/ccoQjKaL.s]
  ignore line: [GNU C++11 (Raspbian 8.3.0-6+rpi1) version 8.3.0 (arm-linux-gnueabihf)]
  ignore line: [	compiled by GNU C version 8.3.0, GMP version 6.1.2, MPFR version 4.0.2, MPC version 1.1.0, isl version isl-0.20-GMP]
  ignore line: []
  ignore line: [GGC heuristics: --param ggc-min-expand=89 --param ggc-min-heapsize=111940]
  ignore line: [ignoring duplicate directory "/usr/include/arm-linux-gnueabihf/c++/8"]
  ignore line: [ignoring nonexistent directory "/usr/local/include/arm-linux-gnueabihf"]
  ignore line: [ignoring nonexistent directory "/usr/lib/gcc/arm-linux-gnueabihf/8/../../../../arm-linux-gnueabihf/include"]
  ignore line: [#include "..." search starts here:]
  ignore line: [#include <...> search starts here:]
  ignore line: [ /usr/include/c++/8]
  ignore line: [ /usr/include/arm-linux-gnueabihf/c++/8]
  ignore line: [ /usr/include/c++/8/backward]
  ignore line: [ /usr/lib/gcc/arm-linux-gnueabihf/8/include]
  ignore line: [ /usr/local/include]
  ignore line: [ /usr/lib/gcc/arm-linux-gnueabihf/8/include-fixed]
  ignore line: [ /usr/include/arm-linux-gnueabihf]
  ignore line: [ /usr/include]
  ignore line: [End of search list.]
  ignore line: [GNU C++11 (Raspbian 8.3.0-6+rpi1) version 8.3.0 (arm-linux-gnueabihf)]
  ignore line: [	compiled by GNU C version 8.3.0, GMP version 6.1.2, MPFR version 4.0.2, MPC version 1.1.0, isl version isl-0.20-GMP]
  ignore line: []
  ignore line: [GGC heuristics: --param ggc-min-expand=89 --param ggc-min-heapsize=111940]
  ignore line: [Compiler executable checksum: 7defdc925cf5fede452fc531d54623d1]
  ignore line: [COLLECT_GCC_OPTIONS= '-mfloat-abi=hard' '-mfpu=neon-vfpv4' '-std=c++11' '-fopenmp' '-v' '-o' 'CMakeFiles/cmTC_cc601.dir/OpenMPTryFlag.cpp.o' '-c' '-shared-libgcc' '-mtls-dialect=gnu' '-marm' '-march=armv7-a+neon-vfpv4' '-pthread']
  ignore line: [ as -v -march=armv7-a -mfloat-abi=hard -mfpu=neon-vfpv4 -meabi=5 -o CMakeFiles/cmTC_cc601.dir/OpenMPTryFlag.cpp.o /tmp/ccoQjKaL.s]
  ignore line: [GNU assembler version 2.31.1 (arm-linux-gnueabihf) using BFD version (GNU Binutils for Raspbian) 2.31.1]
  ignore line: [COMPILER_PATH=/usr/lib/gcc/arm-linux-gnueabihf/8/:/usr/lib/gcc/arm-linux-gnueabihf/8/:/usr/lib/gcc/arm-linux-gnueabihf/:/usr/lib/gcc/arm-linux-gnueabihf/8/:/usr/lib/gcc/arm-linux-gnueabihf/]
  ignore line: [LIBRARY_PATH=/usr/lib/gcc/arm-linux-gnueabihf/8/:/usr/lib/gcc/arm-linux-gnueabihf/8/../../../arm-linux-gnueabihf/:/usr/lib/gcc/arm-linux-gnueabihf/8/../../../:/lib/arm-linux-gnueabihf/:/lib/:/usr/lib/arm-linux-gnueabihf/:/usr/lib/]
  ignore line: [COLLECT_GCC_OPTIONS= '-mfloat-abi=hard' '-mfpu=neon-vfpv4' '-std=c++11' '-fopenmp' '-v' '-o' 'CMakeFiles/cmTC_cc601.dir/OpenMPTryFlag.cpp.o' '-c' '-shared-libgcc' '-mtls-dialect=gnu' '-marm' '-march=armv7-a+neon-vfpv4' '-pthread']
  ignore line: [Linking CXX executable cmTC_cc601]
  ignore line: [/usr/local/bin/cmake -E cmake_link_script CMakeFiles/cmTC_cc601.dir/link.txt --verbose=1]
  ignore line: [/usr/bin/arm-linux-gnueabihf-g++  -march=armv7-a -mfloat-abi=hard -mfpu=neon-vfpv4  -std=c++11 -fopenmp -v    CMakeFiles/cmTC_cc601.dir/OpenMPTryFlag.cpp.o  -o cmTC_cc601 -v ]
  ignore line: [Using built-in specs.]
  ignore line: [COLLECT_GCC=/usr/bin/arm-linux-gnueabihf-g++]
  ignore line: [COLLECT_LTO_WRAPPER=/usr/lib/gcc/arm-linux-gnueabihf/8/lto-wrapper]
  ignore line: [Target: arm-linux-gnueabihf]
  ignore line: [Configured with: ../src/configure -v --with-pkgversion='Raspbian 8.3.0-6+rpi1' --with-bugurl=file:///usr/share/doc/gcc-8/README.Bugs --enable-languages=c,ada,c++,go,d,fortran,objc,obj-c++ --prefix=/usr --with-gcc-major-version-only --program-suffix=-8 --program-prefix=arm-linux-gnueabihf- --enable-shared --enable-linker-build-id --libexecdir=/usr/lib --without-included-gettext --enable-threads=posix --libdir=/usr/lib --enable-nls --enable-bootstrap --enable-clocale=gnu --enable-libstdcxx-debug --enable-libstdcxx-time=yes --with-default-libstdcxx-abi=new --enable-gnu-unique-object --disable-libitm --disable-libquadmath --disable-libquadmath-support --enable-plugin --with-system-zlib --with-target-system-zlib --enable-objc-gc=auto --enable-multiarch --disable-sjlj-exceptions --with-arch=armv6 --with-fpu=vfp --with-float=hard --disable-werror --enable-checking=release --build=arm-linux-gnueabihf --host=arm-linux-gnueabihf --target=arm-linux-gnueabihf]
  ignore line: [Thread model: posix]
  ignore line: [gcc version 8.3.0 (Raspbian 8.3.0-6+rpi1) ]
  ignore line: [COMPILER_PATH=/usr/lib/gcc/arm-linux-gnueabihf/8/:/usr/lib/gcc/arm-linux-gnueabihf/8/:/usr/lib/gcc/arm-linux-gnueabihf/:/usr/lib/gcc/arm-linux-gnueabihf/8/:/usr/lib/gcc/arm-linux-gnueabihf/]
  ignore line: [LIBRARY_PATH=/usr/lib/gcc/arm-linux-gnueabihf/8/:/usr/lib/gcc/arm-linux-gnueabihf/8/../../../arm-linux-gnueabihf/:/usr/lib/gcc/arm-linux-gnueabihf/8/../../../:/lib/arm-linux-gnueabihf/:/lib/:/usr/lib/arm-linux-gnueabihf/:/usr/lib/]
  ignore line: [Reading specs from /usr/lib/gcc/arm-linux-gnueabihf/8/libgomp.spec]
  ignore line: [COLLECT_GCC_OPTIONS= '-mfloat-abi=hard' '-mfpu=neon-vfpv4' '-std=c++11' '-fopenmp' '-v' '-o' 'cmTC_cc601' '-v' '-shared-libgcc' '-mtls-dialect=gnu' '-marm' '-march=armv7-a+neon-vfpv4' '-pthread']
  link line: [ /usr/lib/gcc/arm-linux-gnueabihf/8/collect2 -plugin /usr/lib/gcc/arm-linux-gnueabihf/8/liblto_plugin.so -plugin-opt=/usr/lib/gcc/arm-linux-gnueabihf/8/lto-wrapper -plugin-opt=-fresolution=/tmp/ccoLCQYT.res -plugin-opt=-pass-through=-lgcc_s -plugin-opt=-pass-through=-lgcc -plugin-opt=-pass-through=-lpthread -plugin-opt=-pass-through=-lc -plugin-opt=-pass-through=-lgcc_s -plugin-opt=-pass-through=-lgcc --build-id --eh-frame-hdr -dynamic-linker /lib/ld-linux-armhf.so.3 -X --hash-style=gnu -m armelf_linux_eabi -o cmTC_cc601 /usr/lib/gcc/arm-linux-gnueabihf/8/../../../arm-linux-gnueabihf/crt1.o /usr/lib/gcc/arm-linux-gnueabihf/8/../../../arm-linux-gnueabihf/crti.o /usr/lib/gcc/arm-linux-gnueabihf/8/crtbegin.o -L/usr/lib/gcc/arm-linux-gnueabihf/8 -L/usr/lib/gcc/arm-linux-gnueabihf/8/../../../arm-linux-gnueabihf -L/usr/lib/gcc/arm-linux-gnueabihf/8/../../.. -L/lib/arm-linux-gnueabihf -L/usr/lib/arm-linux-gnueabihf CMakeFiles/cmTC_cc601.dir/OpenMPTryFlag.cpp.o -lstdc++ -lm -lgomp -lgcc_s -lgcc -lpthread -lc -lgcc_s -lgcc /usr/lib/gcc/arm-linux-gnueabihf/8/crtend.o /usr/lib/gcc/arm-linux-gnueabihf/8/../../../arm-linux-gnueabihf/crtn.o]
    arg [/usr/lib/gcc/arm-linux-gnueabihf/8/collect2] ==> ignore
    arg [-plugin] ==> ignore
    arg [/usr/lib/gcc/arm-linux-gnueabihf/8/liblto_plugin.so] ==> ignore
    arg [-plugin-opt=/usr/lib/gcc/arm-linux-gnueabihf/8/lto-wrapper] ==> ignore
    arg [-plugin-opt=-fresolution=/tmp/ccoLCQYT.res] ==> ignore
    arg [-plugin-opt=-pass-through=-lgcc_s] ==> ignore
    arg [-plugin-opt=-pass-through=-lgcc] ==> ignore
    arg [-plugin-opt=-pass-through=-lpthread] ==> ignore
    arg [-plugin-opt=-pass-through=-lc] ==> ignore
    arg [-plugin-opt=-pass-through=-lgcc_s] ==> ignore
    arg [-plugin-opt=-pass-through=-lgcc] ==> ignore
    arg [--build-id] ==> ignore
    arg [--eh-frame-hdr] ==> ignore
    arg [-dynamic-linker] ==> ignore
    arg [/lib/ld-linux-armhf.so.3] ==> ignore
    arg [-X] ==> ignore
    arg [--hash-style=gnu] ==> ignore
    arg [-m] ==> ignore
    arg [armelf_linux_eabi] ==> ignore
    arg [-o] ==> ignore
    arg [cmTC_cc601] ==> ignore
    arg [/usr/lib/gcc/arm-linux-gnueabihf/8/../../../arm-linux-gnueabihf/crt1.o] ==> ignore
    arg [/usr/lib/gcc/arm-linux-gnueabihf/8/../../../arm-linux-gnueabihf/crti.o] ==> ignore
    arg [/usr/lib/gcc/arm-linux-gnueabihf/8/crtbegin.o] ==> ignore
    arg [-L/usr/lib/gcc/arm-linux-gnueabihf/8] ==> dir [/usr/lib/gcc/arm-linux-gnueabihf/8]
    arg [-L/usr/lib/gcc/arm-linux-gnueabihf/8/../../../arm-linux-gnueabihf] ==> dir [/usr/lib/gcc/arm-linux-gnueabihf/8/../../../arm-linux-gnueabihf]
    arg [-L/usr/lib/gcc/arm-linux-gnueabihf/8/../../..] ==> dir [/usr/lib/gcc/arm-linux-gnueabihf/8/../../..]
    arg [-L/lib/arm-linux-gnueabihf] ==> dir [/lib/arm-linux-gnueabihf]
    arg [-L/usr/lib/arm-linux-gnueabihf] ==> dir [/usr/lib/arm-linux-gnueabihf]
    arg [CMakeFiles/cmTC_cc601.dir/OpenMPTryFlag.cpp.o] ==> ignore
    arg [-lstdc++] ==> lib [stdc++]
    arg [-lm] ==> lib [m]
    arg [-lgomp] ==> lib [gomp]
    arg [-lgcc_s] ==> lib [gcc_s]
    arg [-lgcc] ==> lib [gcc]
    arg [-lpthread] ==> lib [pthread]
    arg [-lc] ==> lib [c]
    arg [-lgcc_s] ==> lib [gcc_s]
    arg [-lgcc] ==> lib [gcc]
    arg [/usr/lib/gcc/arm-linux-gnueabihf/8/crtend.o] ==> ignore
    arg [/usr/lib/gcc/arm-linux-gnueabihf/8/../../../arm-linux-gnueabihf/crtn.o] ==> ignore
  collapse library dir [/usr/lib/gcc/arm-linux-gnueabihf/8] ==> [/usr/lib/gcc/arm-linux-gnueabihf/8]
  collapse library dir [/usr/lib/gcc/arm-linux-gnueabihf/8/../../../arm-linux-gnueabihf] ==> [/usr/lib/arm-linux-gnueabihf]
  collapse library dir [/usr/lib/gcc/arm-linux-gnueabihf/8/../../..] ==> [/usr/lib]
  collapse library dir [/lib/arm-linux-gnueabihf] ==> [/lib/arm-linux-gnueabihf]
  collapse library dir [/usr/lib/arm-linux-gnueabihf] ==> [/usr/lib/arm-linux-gnueabihf]
  implicit libs: [stdc++;m;gomp;gcc_s;gcc;pthread;c;gcc_s;gcc]
  implicit dirs: [/usr/lib/gcc/arm-linux-gnueabihf/8;/usr/lib/arm-linux-gnueabihf;/usr/lib;/lib/arm-linux-gnueabihf]
  implicit fwks: []


